-outxml
-source
1.6
-target
1.6
-classpath
/home/nikotsunami/.m2/repository/antlr/antlr/2.7.6/antlr-2.7.6.jar:/home/nikotsunami/.m2/repository/aopalliance/aopalliance/1.0/aopalliance-1.0.jar:/home/nikotsunami/.m2/repository/cglib/cglib-nodep/2.2/cglib-nodep-2.2.jar:/home/nikotsunami/.m2/repository/com/google/code/gwt-dnd/gwt-dnd/3.0.1/gwt-dnd-3.0.1.jar:/home/nikotsunami/git/mcapp/MCApp2/lib/gwt-log-3.1.0.jar:/home/nikotsunami/.m2/repository/com/google/gwt/gwt-servlet/2.2.0/gwt-servlet-2.2.0.jar:/home/nikotsunami/.m2/repository/com/google/gwt/gwt-user/2.2.0/gwt-user-2.2.0.jar:/home/nikotsunami/.m2/repository/com/google/inject/guice/3.0-rc2/guice-3.0-rc2.jar:/home/nikotsunami/.m2/repository/com/google/inject/extensions/guice-assistedinject/3.0-rc2/guice-assistedinject-3.0-rc2.jar:/home/nikotsunami/.m2/repository/com/googlecode/gwt/inject/gin/1.5/gin-1.5.jar:/home/nikotsunami/.m2/repository/commons-beanutils/commons-beanutils/1.8.0/commons-beanutils-1.8.0.jar:/home/nikotsunami/.m2/repository/commons-collections/commons-collections/3.1/commons-collections-3.1.jar:/home/nikotsunami/.m2/repository/commons-dbcp/commons-dbcp/1.3/commons-dbcp-1.3.jar:/home/nikotsunami/.m2/repository/commons-digester/commons-digester/2.0/commons-digester-2.0.jar:/home/nikotsunami/.m2/repository/commons-fileupload/commons-fileupload/1.2.1/commons-fileupload-1.2.1.jar:/home/nikotsunami/.m2/repository/commons-pool/commons-pool/1.5.4/commons-pool-1.5.4.jar:/home/nikotsunami/.m2/repository/dom4j/dom4j/1.6.1/dom4j-1.6.1.jar:/home/nikotsunami/.m2/repository/javassist/javassist/3.12.0.GA/javassist-3.12.0.GA.jar:/home/nikotsunami/.m2/repository/javax/el/el-api/1.0/el-api-1.0.jar:/home/nikotsunami/.m2/repository/javax/inject/javax.inject/1/javax.inject-1.jar:/home/nikotsunami/.m2/repository/javax/servlet/jstl/1.2/jstl-1.2.jar:/home/nikotsunami/.m2/repository/javax/servlet/servlet-api/2.5/servlet-api-2.5.jar:/home/nikotsunami/.m2/repository/javax/servlet/jsp/jsp-api/2.1/jsp-api-2.1.jar:/home/nikotsunami/.m2/repository/javax/transaction/jta/1.1/jta-1.1.jar:/home/nikotsunami/.m2/repository/javax/validation/validation-api/1.0.0.GA/validation-api-1.0.0.GA.jar:/home/nikotsunami/.m2/repository/joda-time/joda-time/1.6/joda-time-1.6.jar:/home/nikotsunami/.m2/repository/junit/junit/4.8.2/junit-4.8.2.jar:/home/nikotsunami/.m2/repository/log4j/log4j/1.2.16/log4j-1.2.16.jar:/home/nikotsunami/.m2/repository/mysql/mysql-connector-java/5.1.13/mysql-connector-java-5.1.13.jar:/home/nikotsunami/.m2/repository/net/sf/flexjson/flexjson/2.1/flexjson-2.1.jar:/home/nikotsunami/.m2/repository/org/aspectj/aspectjrt/1.6.11.M1/aspectjrt-1.6.11.M1.jar:/home/nikotsunami/.m2/repository/org/aspectj/aspectjweaver/1.6.11.M1/aspectjweaver-1.6.11.M1.jar:/home/nikotsunami/.m2/repository/org/hibernate/hibernate-commons-annotations/3.2.0.Final/hibernate-commons-annotations-3.2.0.Final.jar:/home/nikotsunami/.m2/repository/org/hibernate/hibernate-core/3.6.1.Final/hibernate-core-3.6.1.Final.jar:/home/nikotsunami/.m2/repository/org/hibernate/hibernate-entitymanager/3.6.1.Final/hibernate-entitymanager-3.6.1.Final.jar:/home/nikotsunami/.m2/repository/org/hibernate/hibernate-validator/4.1.0.Final/hibernate-validator-4.1.0.Final.jar:/home/nikotsunami/.m2/repository/org/hibernate/javax/persistence/hibernate-jpa-2.0-api/1.0.0.Final/hibernate-jpa-2.0-api-1.0.0.Final.jar:/home/nikotsunami/.m2/repository/org/json/json/20090211/json-20090211.jar:/home/nikotsunami/.m2/repository/org/seleniumhq/selenium/client-drivers/selenium-java-client-driver/1.0.1/selenium-java-client-driver-1.0.1.jar:/home/nikotsunami/.m2/repository/org/slf4j/jcl-over-slf4j/1.6.1/jcl-over-slf4j-1.6.1.jar:/home/nikotsunami/.m2/repository/org/slf4j/slf4j-api/1.6.1/slf4j-api-1.6.1.jar:/home/nikotsunami/.m2/repository/org/slf4j/slf4j-log4j12/1.6.1/slf4j-log4j12-1.6.1.jar:/home/nikotsunami/.m2/repository/org/springframework/spring-aop/3.0.5.RELEASE/spring-aop-3.0.5.RELEASE.jar:/home/nikotsunami/.m2/repository/org/springframework/spring-asm/3.0.5.RELEASE/spring-asm-3.0.5.RELEASE.jar:/home/nikotsunami/.m2/repository/org/springframework/spring-aspects/3.0.5.RELEASE/spring-aspects-3.0.5.RELEASE.jar:/home/nikotsunami/.m2/repository/org/springframework/spring-beans/3.0.5.RELEASE/spring-beans-3.0.5.RELEASE.jar:/home/nikotsunami/.m2/repository/org/springframework/spring-context/3.0.5.RELEASE/spring-context-3.0.5.RELEASE.jar:/home/nikotsunami/.m2/repository/org/springframework/spring-context-support/3.0.5.RELEASE/spring-context-support-3.0.5.RELEASE.jar:/home/nikotsunami/.m2/repository/org/springframework/spring-core/3.0.5.RELEASE/spring-core-3.0.5.RELEASE.jar:/home/nikotsunami/.m2/repository/org/springframework/spring-expression/3.0.5.RELEASE/spring-expression-3.0.5.RELEASE.jar:/home/nikotsunami/.m2/repository/org/springframework/spring-jdbc/3.0.5.RELEASE/spring-jdbc-3.0.5.RELEASE.jar:/home/nikotsunami/.m2/repository/org/springframework/spring-orm/3.0.5.RELEASE/spring-orm-3.0.5.RELEASE.jar:/home/nikotsunami/.m2/repository/org/springframework/spring-test/3.0.5.RELEASE/spring-test-3.0.5.RELEASE.jar:/home/nikotsunami/.m2/repository/org/springframework/spring-tx/3.0.5.RELEASE/spring-tx-3.0.5.RELEASE.jar:/home/nikotsunami/.m2/repository/org/springframework/spring-web/3.0.5.RELEASE/spring-web-3.0.5.RELEASE.jar:/home/nikotsunami/.m2/repository/org/springframework/spring-webmvc/3.0.5.RELEASE/spring-webmvc-3.0.5.RELEASE.jar:/home/nikotsunami/.m2/repository/org/springframework/roo/org.springframework.roo.annotations/1.1.3.RELEASE/org.springframework.roo.annotations-1.1.3.RELEASE.jar:/home/nikotsunami/.m2/repository/org/springframework/webflow/spring-js-resources/2.2.1.RELEASE/spring-js-resources-2.2.1.RELEASE.jar:/home/nikotsunami/.m2/repository/xalan/serializer/2.7.1/serializer-2.7.1.jar:/home/nikotsunami/.m2/repository/xalan/xalan/2.7.1/xalan-2.7.1.jar:/home/nikotsunami/.m2/repository/xml-apis/xml-apis/1.3.04/xml-apis-1.3.04.jar:/home/nikotsunami/git/mcapp/MCApp2/target/MCApp2-0.1.0.BUILD-SNAPSHOT/WEB-INF/classes
-aspectpath
/home/nikotsunami/.m2/repository/org/springframework/spring-aspects/3.0.5.RELEASE/spring-aspects-3.0.5.RELEASE.jar
-d
/home/nikotsunami/git/mcapp/MCApp2/target/MCApp2-0.1.0.BUILD-SNAPSHOT/WEB-INF/classes
/home/nikotsunami/git/mcapp/MCApp2/src/main/java/medizin/client/a_nonroo/app/client/ui/assignquestion/QuestionPanelImpl.java
/home/nikotsunami/git/mcapp/MCApp2/src/main/java/medizin/client/managed/ui/InstitutionSetEditor_Roo_Gwt.java
/home/nikotsunami/git/mcapp/MCApp2/src/main/java/medizin/client/managed/request/QuestionProxy.java
/home/nikotsunami/git/mcapp/MCApp2/src/main/java/medizin/client/managed/ui/AssesmentSetEditor_Roo_Gwt.java
/home/nikotsunami/git/mcapp/MCApp2/src/main/java/medizin/client/managed/ui/CommentMobileDetailsView.java
/home/nikotsunami/git/mcapp/MCApp2/src/main/java/medizin/client/a_nonroo/app/client/dnd3/DraggableFactory.java
/home/nikotsunami/git/mcapp/MCApp2/src/main/java/medizin/client/managed/ui/AssesmentListView.java
/home/nikotsunami/git/mcapp/MCApp2/src/main/java/medizin/client/managed/ui/QuestionEventListEditor.java
/home/nikotsunami/git/mcapp/MCApp2/src/main/java/medizin/client/managed/ui/InstitutionDetailsView.java
/home/nikotsunami/git/mcapp/MCApp2/src/main/java/medizin/client/managed/ui/McSetEditor.java
/home/nikotsunami/git/mcapp/MCApp2/src/main/java/medizin/client/a_nonroo/app/client/dnd3/ui/QuestionTypeDNDViewImpl.java
/home/nikotsunami/git/mcapp/MCApp2/src/main/java/medizin/client/managed/ui/QuestionTypeCountPerExamListEditor.java
/home/nikotsunami/git/mcapp/MCApp2/src/main/java/medizin/client/managed/ui/EventAccessMobileDetailsView.java
/home/nikotsunami/git/mcapp/MCApp2/src/main/java/medizin/client/scaffold/Scaffold.java
/home/nikotsunami/git/mcapp/MCApp2/src/main/java/medizin/client/managed/ui/PersonListEditor.java
/home/nikotsunami/git/mcapp/MCApp2/src/main/java/medizin/client/managed/request/CommentRequest.java
/home/nikotsunami/git/mcapp/MCApp2/src/main/java/medizin/client/a_nonroo/app/client/dnd3/ui/EventView.java
/home/nikotsunami/git/mcapp/MCApp2/src/main/java/medizin/client/a_nonroo/app/place/PlaceUserDetailsEvent.java
/home/nikotsunami/git/mcapp/MCApp2/src/main/java/medizin/client/managed/activity/PersonDetailsActivity.java
/home/nikotsunami/git/mcapp/MCApp2/src/main/java/medizin/client/scaffold/place/PlaceHistoryFactory.java
/home/nikotsunami/git/mcapp/MCApp2/src/main/java/medizin/client/managed/ui/QuestionEventListView_Roo_Gwt.java
/home/nikotsunami/git/mcapp/MCApp2/src/main/java/medizin/client/managed/ui/QuestionTypeListView.java
/home/nikotsunami/git/mcapp/MCApp2/src/main/java/medizin/server/domain/Comment.java
/home/nikotsunami/git/mcapp/MCApp2/src/main/java/medizin/client/managed/activity/StaticToAssesmentDetailsActivity.java
/home/nikotsunami/git/mcapp/MCApp2/src/main/java/medizin/server/domain/Institution.java
/home/nikotsunami/git/mcapp/MCApp2/src/main/java/medizin/shared/scaffold/ScaffoldRequestFactory.java
/home/nikotsunami/git/mcapp/MCApp2/src/main/java/medizin/client/managed/ui/StaticToAssesmentMobileEditView.java
/home/nikotsunami/git/mcapp/MCApp2/src/main/java/medizin/client/scaffold/place/AbstractProxyEditActivity.java
/home/nikotsunami/git/mcapp/MCApp2/src/main/java/medizin/client/managed/ui/McMobileListView_Roo_Gwt.java
/home/nikotsunami/git/mcapp/MCApp2/src/main/java/medizin/client/managed/ui/AssesmentQuestionSetEditor_Roo_Gwt.java
/home/nikotsunami/git/mcapp/MCApp2/src/main/java/medizin/client/managed/ui/QuestionAccessMobileListView.java
/home/nikotsunami/git/mcapp/MCApp2/src/main/java/medizin/client/scaffold/ui/CharBox.java
/home/nikotsunami/git/mcapp/MCApp2/src/main/java/medizin/server/domain/QuestionEvent_Roo_ToString.aj
/home/nikotsunami/git/mcapp/MCApp2/src/main/java/medizin/client/a_nonroo/app/client/ui/assesment/AssesmentEditView.java
/home/nikotsunami/git/mcapp/MCApp2/src/main/java/medizin/server/domain/QuestionTypeCountPerExam_Roo_ToString.aj
/home/nikotsunami/git/mcapp/MCApp2/src/main/java/medizin/client/managed/ui/QuestionEventListView.java
/home/nikotsunami/git/mcapp/MCApp2/src/main/java/medizin/server/domain/QuestionTypeCountPerExam.java
/home/nikotsunami/git/mcapp/MCApp2/src/main/java/medizin/client/a_nonroo/app/client/ui/question/QuestionDetailsView.java
/home/nikotsunami/git/mcapp/MCApp2/src/main/java/medizin/client/scaffold/ui/ShortBox.java
/home/nikotsunami/git/mcapp/MCApp2/src/main/java/medizin/client/managed/ui/AssesmentQuestionMobileEditView.java
/home/nikotsunami/git/mcapp/MCApp2/src/main/java/medizin/client/a_nonroo/app/client/ui/StaticContentView.java
/home/nikotsunami/git/mcapp/MCApp2/src/main/java/medizin/client/managed/activity/AssesmentDetailsActivity_Roo_Gwt.java
/home/nikotsunami/git/mcapp/MCApp2/src/main/java/medizin/client/managed/ui/PersonDetailsView.java
/home/nikotsunami/git/mcapp/MCApp2/src/main/java/medizin/server/domain/Mc_Roo_JavaBean.aj
/home/nikotsunami/git/mcapp/MCApp2/src/main/java/medizin/client/shared/Validity.java
/home/nikotsunami/git/mcapp/MCApp2/src/main/java/medizin/client/managed/ui/McMobileDetailsView.java
/home/nikotsunami/git/mcapp/MCApp2/src/main/java/medizin/client/a_nonroo/app/ioc/McInjector.java
/home/nikotsunami/git/mcapp/MCApp2/src/main/java/medizin/client/managed/activity/InstitutionDetailsActivity_Roo_Gwt.java
/home/nikotsunami/git/mcapp/MCApp2/src/main/java/medizin/client/managed/activity/QuestionEventDetailsActivity.java
/home/nikotsunami/git/mcapp/MCApp2/src/main/java/medizin/client/managed/ui/AnswerToAssQuestionMobileListView_Roo_Gwt.java
/home/nikotsunami/git/mcapp/MCApp2/src/main/java/medizin/server/domain/StaticToAssesment.java
/home/nikotsunami/git/mcapp/MCApp2/src/main/java/medizin/client/managed/ui/AssesmentDetailsView_Roo_Gwt.java
/home/nikotsunami/git/mcapp/MCApp2/src/main/java/medizin/server/domain/Keyword_Roo_Configurable.aj
/home/nikotsunami/git/mcapp/MCApp2/src/main/java/medizin/client/a_nonroo/app/client/ui/user/QuestionAccessDialogboxImpl.java
/home/nikotsunami/git/mcapp/MCApp2/src/main/java/medizin/client/managed/activity/AssesmentEditActivityWrapper.java
/home/nikotsunami/git/mcapp/MCApp2/src/main/java/medizin/client/a_nonroo/app/activities/ActivityUserCreate.java
/home/nikotsunami/git/mcapp/MCApp2/src/main/java/medizin/client/managed/activity/AnswerToAssQuestionEditActivityWrapper.java
/home/nikotsunami/git/mcapp/MCApp2/src/main/java/medizin/client/managed/ui/QuestionDetailsView_Roo_Gwt.java
/home/nikotsunami/git/mcapp/MCApp2/src/main/java/medizin/server/domain/StaticToAssesment_Roo_JavaBean.aj
/home/nikotsunami/git/mcapp/MCApp2/src/main/java/medizin/client/managed/ui/AssesmentMobileListView.java
/home/nikotsunami/git/mcapp/MCApp2/src/main/java/medizin/client/managed/ui/QuestionAccessListView.java
/home/nikotsunami/git/mcapp/MCApp2/src/main/java/medizin/server/domain/Mc_Roo_ToString.aj
/home/nikotsunami/git/mcapp/MCApp2/src/main/java/medizin/server/domain/StaticContent.java
/home/nikotsunami/git/mcapp/MCApp2/src/main/java/medizin/client/managed/ui/QuestionEventMobileDetailsView.java
/home/nikotsunami/git/mcapp/MCApp2/src/main/java/medizin/client/managed/activity/AssesmentQuestionActivitiesMapper.java
/home/nikotsunami/git/mcapp/MCApp2/src/main/java/medizin/client/scaffold/ui/LoginWidget.java
/home/nikotsunami/git/mcapp/MCApp2/src/main/java/medizin/client/managed/ui/EventAccessDetailsView_Roo_Gwt.java
/home/nikotsunami/git/mcapp/MCApp2/src/main/java/medizin/client/managed/activity/QuestionSumPerPersonListActivity.java
/home/nikotsunami/git/mcapp/MCApp2/src/main/java/medizin/client/managed/ui/QuestionAccessDetailsView.java
/home/nikotsunami/git/mcapp/MCApp2/src/main/java/medizin/client/managed/ui/PersonListView_Roo_Gwt.java
/home/nikotsunami/git/mcapp/MCApp2/src/main/java/medizin/client/a_nonroo/app/place/PlaceQuestionEdit.java
/home/nikotsunami/git/mcapp/MCApp2/src/main/java/medizin/client/a_nonroo/app/client/ui/assesment/QuestionTypeCountAddDialogboxImpl.java
/home/nikotsunami/git/mcapp/MCApp2/src/main/java/medizin/client/managed/ui/AnswerToAssQuestionMobileDetailsView_Roo_Gwt.java
/home/nikotsunami/git/mcapp/MCApp2/src/main/java/medizin/client/managed/ui/QuestionEventEditView_Roo_Gwt.java
/home/nikotsunami/git/mcapp/MCApp2/src/main/java/medizin/client/scaffold/ui/CharParser.java
/home/nikotsunami/git/mcapp/MCApp2/src/main/java/medizin/client/a_nonroo/app/client/ui/AcceptQuestionView.java
/home/nikotsunami/git/mcapp/MCApp2/src/main/java/medizin/client/a_nonroo/app/client/SpacerColumn.java
/home/nikotsunami/git/mcapp/MCApp2/src/main/java/medizin/client/managed/ui/InstitutionMobileDetailsView_Roo_Gwt.java
/home/nikotsunami/git/mcapp/MCApp2/src/main/java/medizin/client/managed/ui/StaticContentSetEditor_Roo_Gwt.java
/home/nikotsunami/git/mcapp/MCApp2/src/main/java/medizin/client/scaffold/mainnav/MainNav.java
/home/nikotsunami/git/mcapp/MCApp2/src/main/java/medizin/client/a_nonroo/app/client/ui/question/QuestionViewImpl.java
/home/nikotsunami/git/mcapp/MCApp2/src/main/java/medizin/client/a_nonroo/app/place/PlaceAssesment.java
/home/nikotsunami/git/mcapp/MCApp2/src/main/java/medizin/client/a_nonroo/app/activities/ActivityBookAssesment.java
/home/nikotsunami/git/mcapp/MCApp2/src/main/java/medizin/client/scaffold/place/AbstractProxyListActivity.java
/home/nikotsunami/git/mcapp/MCApp2/src/main/java/medizin/client/a_nonroo/app/client/ui/BookAssesmentViewImpl.java
/home/nikotsunami/git/mcapp/MCApp2/src/main/java/medizin/client/managed/activity/AnswerToAssQuestionActivitiesMapper.java
/home/nikotsunami/git/mcapp/MCApp2/src/main/java/medizin/client/a_nonroo/app/client/ui/question/AnswerDialogboxImpl.java
/home/nikotsunami/git/mcapp/MCApp2/src/main/java/medizin/shared/scaffold/QuestionTypeCountPerExamRequestNonRoo.java
/home/nikotsunami/git/mcapp/MCApp2/src/main/java/medizin/client/a_nonroo/app/client/ui/assesment/QuestionSumPerPersonDialogboxImpl.java
/home/nikotsunami/git/mcapp/MCApp2/src/main/java/medizin/client/managed/ui/McProxyRenderer.java
/home/nikotsunami/git/mcapp/MCApp2/src/main/java/medizin/client/managed/ui/QuestionEventMobileListView_Roo_Gwt.java
/home/nikotsunami/git/mcapp/MCApp2/src/main/java/medizin/client/a_nonroo/app/activities/ActivityQuestion.java
/home/nikotsunami/git/mcapp/MCApp2/src/main/java/medizin/client/managed/ui/StaticContentMobileEditView_Roo_Gwt.java
/home/nikotsunami/git/mcapp/MCApp2/src/main/java/medizin/server/domain/Keyword_Roo_Entity.aj
/home/nikotsunami/git/mcapp/MCApp2/src/main/java/medizin/client/a_nonroo/app/client/dnd3/DemoDragHandler.java
/home/nikotsunami/git/mcapp/MCApp2/src/main/java/medizin/client/managed/ui/AnswerEditView.java
/home/nikotsunami/git/mcapp/MCApp2/src/main/java/medizin/client/managed/activity/KeywordDetailsActivity.java
/home/nikotsunami/git/mcapp/MCApp2/src/main/java/medizin/client/managed/ui/QuestionTypeCountPerExamMobileEditView.java
/home/nikotsunami/git/mcapp/MCApp2/src/main/java/medizin/shared/scaffold/QuestionTypeRequestNonRoo.java
/home/nikotsunami/git/mcapp/MCApp2/src/main/java/medizin/client/managed/activity/QuestionDetailsActivity_Roo_Gwt.java
/home/nikotsunami/git/mcapp/MCApp2/src/main/java/medizin/client/managed/ui/KeywordDetailsView.java
/home/nikotsunami/git/mcapp/MCApp2/src/main/java/medizin/client/managed/ui/AnswerToAssQuestionListEditor.java
/home/nikotsunami/git/mcapp/MCApp2/src/main/java/medizin/client/managed/activity/QuestionTypeEditActivityWrapper_Roo_Gwt.java
/home/nikotsunami/git/mcapp/MCApp2/src/main/java/medizin/client/managed/activity/AssesmentQuestionDetailsActivity.java
/home/nikotsunami/git/mcapp/MCApp2/src/main/java/medizin/client/a_nonroo/app/activities/ActivitySystemOverview.java
/home/nikotsunami/git/mcapp/MCApp2/src/main/java/medizin/client/managed/ui/QuestionSumPerPersonMobileDetailsView.java
/home/nikotsunami/git/mcapp/MCApp2/src/main/java/medizin/client/a_nonroo/app/client/ui/AcceptAssQuestionViewImpl.java
/home/nikotsunami/git/mcapp/MCApp2/src/main/java/medizin/client/scaffold/ui/ShortParser.java
/home/nikotsunami/git/mcapp/MCApp2/src/main/java/medizin/client/managed/activity/InstitutionActivitiesMapper.java
/home/nikotsunami/git/mcapp/MCApp2/src/main/java/medizin/client/managed/request/QuestionEventRequest.java
/home/nikotsunami/git/mcapp/MCApp2/src/main/java/medizin/server/domain/Comment_Roo_Configurable.aj
/home/nikotsunami/git/mcapp/MCApp2/src/main/java/medizin/client/managed/activity/AssesmentQuestionListActivity.java
/home/nikotsunami/git/mcapp/MCApp2/src/main/java/medizin/client/managed/activity/StaticContentListActivity.java
/home/nikotsunami/git/mcapp/MCApp2/src/main/java/medizin/client/a_nonroo/app/client/ui/QuestiontypesEditViewImpl.java
/home/nikotsunami/git/mcapp/MCApp2/src/main/java/medizin/client/managed/activity/PersonDetailsActivity_Roo_Gwt.java
/home/nikotsunami/git/mcapp/MCApp2/src/main/java/medizin/client/a_nonroo/app/place/McPlaceHistoryFactory.java
/home/nikotsunami/git/mcapp/MCApp2/src/main/java/medizin/client/managed/ui/KeywordListEditor.java
/home/nikotsunami/git/mcapp/MCApp2/src/main/java/medizin/client/a_nonroo/app/client/ui/user/EventAccessViewImpl.java
/home/nikotsunami/git/mcapp/MCApp2/src/main/java/medizin/server/domain/QuestionSumPerPerson.java
/home/nikotsunami/git/mcapp/MCApp2/src/main/java/medizin/client/scaffold/request/RequestEvent.java
/home/nikotsunami/git/mcapp/MCApp2/src/main/java/medizin/client/a_nonroo/app/client/ui/assignquestion/AnswerView.java
/home/nikotsunami/git/mcapp/MCApp2/src/main/java/medizin/client/scaffold/ui/ByteBox.java
/home/nikotsunami/git/mcapp/MCApp2/src/main/java/medizin/client/a_nonroo/app/activities/ActivityQuestiontypesDetails.java
/home/nikotsunami/git/mcapp/MCApp2/src/main/java/medizin/client/a_nonroo/app/client/ui/assignquestion/AssesmentTabPanel.java
/home/nikotsunami/git/mcapp/MCApp2/src/main/java/medizin/client/a_nonroo/app/client/ui/assesment/AssesmentDetailsViewImpl.java
/home/nikotsunami/git/mcapp/MCApp2/src/main/java/medizin/client/managed/activity/CommentDetailsActivity_Roo_Gwt.java
/home/nikotsunami/git/mcapp/MCApp2/src/main/java/medizin/client/managed/ui/McMobileListView.java
/home/nikotsunami/git/mcapp/MCApp2/src/main/java/medizin/client/a_nonroo/app/activities/ActivityInstitution.java
/home/nikotsunami/git/mcapp/MCApp2/src/main/java/medizin/client/managed/ui/QuestionEventSetEditor_Roo_Gwt.java
/home/nikotsunami/git/mcapp/MCApp2/src/main/java/medizin/client/managed/ui/CommentListEditor_Roo_Gwt.java
/home/nikotsunami/git/mcapp/MCApp2/src/main/java/medizin/client/a_nonroo/app/client/ui/question/AnswerDialogbox.java
/home/nikotsunami/git/mcapp/MCApp2/src/main/java/medizin/server/domain/Mc.java
/home/nikotsunami/git/mcapp/MCApp2/src/main/java/medizin/client/managed/request/AssesmentQuestionProxy.java
/home/nikotsunami/git/mcapp/MCApp2/src/main/java/medizin/client/managed/ui/QuestionMobileEditView_Roo_Gwt.java
/home/nikotsunami/git/mcapp/MCApp2/src/main/java/medizin/client/a_nonroo/app/client/ui/assignquestion/AsignAssQuestionView.java
/home/nikotsunami/git/mcapp/MCApp2/src/main/java/medizin/client/managed/ui/KeywordMobileDetailsView_Roo_Gwt.java
/home/nikotsunami/git/mcapp/MCApp2/src/main/java/medizin/server/domain/Assesment_Roo_JavaBean.aj
/home/nikotsunami/git/mcapp/MCApp2/src/main/java/medizin/server/domain/Assesment_Roo_Configurable.aj
/home/nikotsunami/git/mcapp/MCApp2/src/main/java/medizin/client/scaffold/place/CreateAndEditProxy.java
/home/nikotsunami/git/mcapp/MCApp2/src/main/java/medizin/client/managed/ui/StaticContentListView.java
/home/nikotsunami/git/mcapp/MCApp2/src/main/java/medizin/client/a_nonroo/app/client/dnd3/ui/AnswerView.java
/home/nikotsunami/git/mcapp/MCApp2/src/main/java/medizin/server/domain/QuestionTypeCountPerExam_Roo_JavaBean.aj
/home/nikotsunami/git/mcapp/MCApp2/src/main/java/medizin/client/managed/activity/QuestionActivitiesMapper.java
/home/nikotsunami/git/mcapp/MCApp2/src/main/java/medizin/server/domain/Question.java
/home/nikotsunami/git/mcapp/MCApp2/src/main/java/medizin/client/managed/ui/KeywordListEditor_Roo_Gwt.java
/home/nikotsunami/git/mcapp/MCApp2/src/main/java/medizin/client/managed/request/InstitutionProxy.java
/home/nikotsunami/git/mcapp/MCApp2/src/main/java/medizin/client/managed/ui/QuestionTypeCountPerExamMobileDetailsView_Roo_Gwt.java
/home/nikotsunami/git/mcapp/MCApp2/src/main/java/medizin/client/managed/ui/QuestionEventEditView.java
/home/nikotsunami/git/mcapp/MCApp2/src/main/java/medizin/client/managed/ui/QuestionSumPerPersonSetEditor.java
/home/nikotsunami/git/mcapp/MCApp2/src/main/java/medizin/client/managed/ui/QuestionSumPerPersonMobileListView_Roo_Gwt.java
/home/nikotsunami/git/mcapp/MCApp2/src/main/java/medizin/client/managed/ui/QuestionTypeMobileListView.java
/home/nikotsunami/git/mcapp/MCApp2/src/main/java/medizin/client/managed/ui/KeywordSetEditor.java
/home/nikotsunami/git/mcapp/MCApp2/src/main/java/medizin/client/managed/activity/QuestionAccessDetailsActivity.java
/home/nikotsunami/git/mcapp/MCApp2/src/main/java/medizin/client/scaffold/request/EventSourceRequestTransport.java
/home/nikotsunami/git/mcapp/MCApp2/src/main/java/medizin/client/a_nonroo/app/client/ui/SystemOverviewViewImpl.java
/home/nikotsunami/git/mcapp/MCApp2/src/main/java/medizin/client/managed/ui/QuestionTypeListEditor.java
/home/nikotsunami/git/mcapp/MCApp2/src/main/java/medizin/server/domain/AssesmentQuestion_Roo_JavaBean.aj
/home/nikotsunami/git/mcapp/MCApp2/src/main/java/medizin/server/domain/QuestionType_Roo_JavaBean.aj
/home/nikotsunami/git/mcapp/MCApp2/src/main/java/medizin/client/a_nonroo/app/client/ui/question/QuestionDetailsViewImpl.java
/home/nikotsunami/git/mcapp/MCApp2/src/main/java/medizin/client/managed/ui/StaticToAssesmentDetailsView.java
/home/nikotsunami/git/mcapp/MCApp2/src/main/java/medizin/client/managed/ui/StaticToAssesmentMobileDetailsView_Roo_Gwt.java
/home/nikotsunami/git/mcapp/MCApp2/src/main/java/medizin/server/domain/QuestionSumPerPerson_Roo_Configurable.aj
/home/nikotsunami/git/mcapp/MCApp2/src/main/java/medizin/client/a_nonroo/app/client/ui/QuestiontypesDetailsViewImpl.java
/home/nikotsunami/git/mcapp/MCApp2/src/main/java/medizin/client/managed/ui/StaticContentMobileEditView.java
/home/nikotsunami/git/mcapp/MCApp2/src/main/java/medizin/client/managed/ui/QuestionTypeEditView.java
/home/nikotsunami/git/mcapp/MCApp2/src/main/java/medizin/client/managed/request/AssesmentRequest.java
/home/nikotsunami/git/mcapp/MCApp2/src/main/java/medizin/client/managed/activity/EventAccessListActivity.java
/home/nikotsunami/git/mcapp/MCApp2/src/main/java/medizin/client/scaffold/ui/CollectionRenderer.java
/home/nikotsunami/git/mcapp/MCApp2/src/main/java/medizin/server/domain/QuestionSumPerPerson_Roo_ToString.aj
/home/nikotsunami/git/mcapp/MCApp2/src/main/java/medizin/client/managed/ui/QuestionTypeMobileEditView_Roo_Gwt.java
/home/nikotsunami/git/mcapp/MCApp2/src/main/java/medizin/client/managed/ui/StaticToAssesmentMobileListView_Roo_Gwt.java
/home/nikotsunami/git/mcapp/MCApp2/src/main/java/medizin/client/managed/ui/AnswerToAssQuestionMobileListView.java
/home/nikotsunami/git/mcapp/MCApp2/src/main/java/medizin/client/managed/ui/AnswerListView_Roo_Gwt.java
/home/nikotsunami/git/mcapp/MCApp2/src/main/java/medizin/client/managed/ui/QuestionSumPerPersonMobileDetailsView_Roo_Gwt.java
/home/nikotsunami/git/mcapp/MCApp2/src/main/java/medizin/client/managed/ui/StaticContentMobileDetailsView.java
/home/nikotsunami/git/mcapp/MCApp2/src/main/java/medizin/client/managed/request/QuestionAccessRequest.java
/home/nikotsunami/git/mcapp/MCApp2/src/main/java/medizin/client/a_nonroo/app/client/ui/BookAssesmentView.java
/home/nikotsunami/git/mcapp/MCApp2/src/main/java/medizin/client/managed/ui/QuestionMobileListView_Roo_Gwt.java
/home/nikotsunami/git/mcapp/MCApp2/src/main/java/medizin/client/managed/ui/AnswerToAssQuestionMobileDetailsView.java
/home/nikotsunami/git/mcapp/MCApp2/src/main/java/medizin/client/managed/ui/PersonListView.java
/home/nikotsunami/git/mcapp/MCApp2/src/main/java/medizin/client/managed/ui/QuestionTypeListEditor_Roo_Gwt.java
/home/nikotsunami/git/mcapp/MCApp2/src/main/java/medizin/client/managed/ui/AssesmentListEditor.java
/home/nikotsunami/git/mcapp/MCApp2/src/main/java/medizin/client/scaffold/ioc/MobileInjectorWrapper.java
/home/nikotsunami/git/mcapp/MCApp2/src/main/java/medizin/client/managed/ui/StaticContentMobileDetailsView_Roo_Gwt.java
/home/nikotsunami/git/mcapp/MCApp2/src/main/java/medizin/client/scaffold/place/ScaffoldPlaceHistoryMapper.java
/home/nikotsunami/git/mcapp/MCApp2/src/main/java/medizin/client/a_nonroo/app/client/ui/assignquestion/AssesmentQuestionPanelImpl.java
/home/nikotsunami/git/mcapp/MCApp2/src/main/java/medizin/client/managed/activity/AssesmentListActivity.java
/home/nikotsunami/git/mcapp/MCApp2/src/main/java/medizin/client/managed/ui/StaticToAssesmentEditView_Roo_Gwt.java
/home/nikotsunami/git/mcapp/MCApp2/src/main/java/medizin/client/a_nonroo/app/activities/ActivityAssesmentDetails.java
/home/nikotsunami/git/mcapp/MCApp2/src/main/java/medizin/server/domain/Keyword_Roo_JavaBean.aj
/home/nikotsunami/git/mcapp/MCApp2/src/main/java/medizin/client/managed/request/ApplicationRequestFactory.java
/home/nikotsunami/git/mcapp/MCApp2/src/main/java/medizin/client/managed/ui/StaticContentDetailsView.java
/home/nikotsunami/git/mcapp/MCApp2/src/main/java/medizin/client/managed/ui/QuestionTypeMobileDetailsView.java
/home/nikotsunami/git/mcapp/MCApp2/src/main/java/medizin/client/managed/ui/StaticContentListEditor_Roo_Gwt.java
/home/nikotsunami/git/mcapp/MCApp2/src/main/java/medizin/client/managed/ui/QuestionListEditor.java
/home/nikotsunami/git/mcapp/MCApp2/src/main/java/medizin/client/a_nonroo/app/client/dnd3/ui/LoadingPopUp.java
/home/nikotsunami/git/mcapp/MCApp2/src/main/java/medizin/client/managed/ui/QuestionTypeCountPerExamMobileListView_Roo_Gwt.java
/home/nikotsunami/git/mcapp/MCApp2/src/main/java/medizin/client/managed/ui/CommentMobileEditView_Roo_Gwt.java
/home/nikotsunami/git/mcapp/MCApp2/src/main/java/medizin/client/scaffold/place/ProxyDetailsView.java
/home/nikotsunami/git/mcapp/MCApp2/src/main/java/medizin/client/managed/ui/EventAccessListEditor_Roo_Gwt.java
/home/nikotsunami/git/mcapp/MCApp2/src/main/java/medizin/client/scaffold/ioc/ScaffoldInjector.java
/home/nikotsunami/git/mcapp/MCApp2/src/main/java/medizin/server/domain/Keyword.java
/home/nikotsunami/git/mcapp/MCApp2/src/main/java/medizin/client/managed/ui/QuestionTypeSetEditor_Roo_Gwt.java
/home/nikotsunami/git/mcapp/MCApp2/src/main/java/medizin/client/a_nonroo/app/client/ui/assignquestion/AddQuestionsTabPanel.java
/home/nikotsunami/git/mcapp/MCApp2/src/main/java/medizin/client/managed/ui/QuestionAccessListEditor_Roo_Gwt.java
/home/nikotsunami/git/mcapp/MCApp2/src/main/java/medizin/client/managed/ui/QuestionTypeListView_Roo_Gwt.java
/home/nikotsunami/git/mcapp/MCApp2/src/main/java/medizin/client/managed/request/StaticToAssesmentRequest.java
/home/nikotsunami/git/mcapp/MCApp2/src/main/java/medizin/client/managed/ui/AssesmentQuestionDetailsView_Roo_Gwt.java
/home/nikotsunami/git/mcapp/MCApp2/src/main/java/medizin/client/managed/activity/QuestionTypeListActivity.java
/home/nikotsunami/git/mcapp/MCApp2/src/main/java/medizin/client/managed/ui/StaticToAssesmentMobileListView.java
/home/nikotsunami/git/mcapp/MCApp2/src/main/java/medizin/client/managed/ui/AnswerDetailsView_Roo_Gwt.java
/home/nikotsunami/git/mcapp/MCApp2/src/main/java/medizin/client/managed/ui/QuestionEditView_Roo_Gwt.java
/home/nikotsunami/git/mcapp/MCApp2/src/main/java/medizin/client/managed/ui/StaticContentEditView.java
/home/nikotsunami/git/mcapp/MCApp2/src/main/java/medizin/client/managed/activity/AnswerActivitiesMapper.java
/home/nikotsunami/git/mcapp/MCApp2/src/main/java/medizin/client/a_nonroo/app/client/ui/user/EventAccessDialogbox.java
/home/nikotsunami/git/mcapp/MCApp2/src/main/java/medizin/client/scaffold/place/AbstractProxyListView.java
/home/nikotsunami/git/mcapp/MCApp2/src/main/java/medizin/client/managed/activity/QuestionTypeDetailsActivity_Roo_Gwt.java
/home/nikotsunami/git/mcapp/MCApp2/src/main/java/medizin/client/managed/ui/QuestionTypeCountPerExamEditView_Roo_Gwt.java
/home/nikotsunami/git/mcapp/MCApp2/src/main/java/medizin/client/managed/activity/AnswerDetailsActivity.java
/home/nikotsunami/git/mcapp/MCApp2/src/main/java/medizin/client/a_nonroo/app/place/PlaceStaticContent.java
/home/nikotsunami/git/mcapp/MCApp2/src/main/java/medizin/server/domain/Assesment_Roo_Entity.aj
/home/nikotsunami/git/mcapp/MCApp2/src/main/java/medizin/client/a_nonroo/app/client/ui/assesment/AssesmentViewImpl.java
/home/nikotsunami/git/mcapp/MCApp2/src/main/java/medizin/client/managed/activity/AssesmentQuestionDetailsActivity_Roo_Gwt.java
/home/nikotsunami/git/mcapp/MCApp2/src/main/java/medizin/client/managed/ui/QuestionSumPerPersonMobileEditView_Roo_Gwt.java
/home/nikotsunami/git/mcapp/MCApp2/src/main/java/medizin/client/scaffold/ui/BigDecimalParser.java
/home/nikotsunami/git/mcapp/MCApp2/src/main/java/medizin/client/managed/activity/QuestionTypeActivitiesMapper.java
/home/nikotsunami/git/mcapp/MCApp2/src/main/java/medizin/server/domain/RedactionalBase_Roo_Entity.aj
/home/nikotsunami/git/mcapp/MCApp2/src/main/java/medizin/client/a_nonroo/app/activities/ActivityQuestionMapper.java
/home/nikotsunami/git/mcapp/MCApp2/src/main/java/medizin/client/managed/ui/EventAccessMobileEditView.java
/home/nikotsunami/git/mcapp/MCApp2/src/main/java/medizin/client/managed/ui/KeywordMobileListView.java
/home/nikotsunami/git/mcapp/MCApp2/src/main/java/medizin/server/domain/Answer_Roo_JavaBean.aj
/home/nikotsunami/git/mcapp/MCApp2/src/main/java/medizin/client/managed/ui/AssesmentMobileDetailsView_Roo_Gwt.java
/home/nikotsunami/git/mcapp/MCApp2/src/main/java/medizin/client/managed/activity/QuestionSumPerPersonDetailsActivity_Roo_Gwt.java
/home/nikotsunami/git/mcapp/MCApp2/src/main/java/medizin/client/managed/ui/AssesmentQuestionMobileEditView_Roo_Gwt.java
/home/nikotsunami/git/mcapp/MCApp2/src/main/java/medizin/client/a_nonroo/app/client/ui/user/UserView.java
/home/nikotsunami/git/mcapp/MCApp2/src/main/java/medizin/client/a_nonroo/app/client/ui/AcceptQuestionViewImpl.java
/home/nikotsunami/git/mcapp/MCApp2/src/main/java/medizin/client/managed/ui/StaticToAssesmentListView_Roo_Gwt.java
/home/nikotsunami/git/mcapp/MCApp2/src/main/java/medizin/client/a_nonroo/app/client/ui/assesment/QuestionSumPerPersonViewImpl.java
/home/nikotsunami/git/mcapp/MCApp2/src/main/java/medizin/client/a_nonroo/app/client/ui/InstitutionView.java
/home/nikotsunami/git/mcapp/MCApp2/src/main/java/medizin/client/managed/activity/QuestionAccessEditActivityWrapper.java
/home/nikotsunami/git/mcapp/MCApp2/src/main/java/medizin/client/managed/ui/McMobileDetailsView_Roo_Gwt.java
/home/nikotsunami/git/mcapp/MCApp2/src/main/java/medizin/client/managed/activity/QuestionEventEditActivityWrapper_Roo_Gwt.java
/home/nikotsunami/git/mcapp/MCApp2/src/main/java/medizin/client/managed/ui/QuestionTypeCountPerExamListView.java
/home/nikotsunami/git/mcapp/MCApp2/src/main/java/medizin/client/managed/ui/AssesmentMobileEditView.java
/home/nikotsunami/git/mcapp/MCApp2/src/main/java/medizin/client/managed/activity/PersonEditActivityWrapper_Roo_Gwt.java
/home/nikotsunami/git/mcapp/MCApp2/src/main/java/medizin/client/managed/request/StaticToAssesmentProxy.java
/home/nikotsunami/git/mcapp/MCApp2/src/main/java/medizin/client/managed/ui/StaticToAssesmentListEditor_Roo_Gwt.java
/home/nikotsunami/git/mcapp/MCApp2/src/main/java/medizin/client/managed/ui/StaticToAssesmentEditView.java
/home/nikotsunami/git/mcapp/MCApp2/src/main/java/medizin/client/managed/ui/QuestionTypeMobileListView_Roo_Gwt.java
/home/nikotsunami/git/mcapp/MCApp2/src/main/java/medizin/server/domain/Institution_Roo_ToString.aj
/home/nikotsunami/git/mcapp/MCApp2/src/main/java/medizin/client/managed/ui/AnswerMobileEditView_Roo_Gwt.java
/home/nikotsunami/git/mcapp/MCApp2/src/main/java/medizin/client/managed/ui/PersonListEditor_Roo_Gwt.java
/home/nikotsunami/git/mcapp/MCApp2/src/main/java/medizin/client/managed/ui/AnswerToAssQuestionListView.java
/home/nikotsunami/git/mcapp/MCApp2/src/main/java/medizin/client/managed/activity/QuestionDetailsActivity.java
/home/nikotsunami/git/mcapp/MCApp2/src/main/java/medizin/client/a_nonroo/app/client/TopPanel.java
/home/nikotsunami/git/mcapp/MCApp2/src/main/java/medizin/client/managed/ui/AnswerMobileListView.java
/home/nikotsunami/git/mcapp/MCApp2/src/main/java/medizin/client/a_nonroo/app/client/AssesmenBookDialogbox.java
/home/nikotsunami/git/mcapp/MCApp2/src/main/java/medizin/client/managed/ui/QuestionEventMobileListView.java
/home/nikotsunami/git/mcapp/MCApp2/src/main/java/medizin/client/managed/ui/InstitutionListView_Roo_Gwt.java
/home/nikotsunami/git/mcapp/MCApp2/src/main/java/medizin/client/managed/ui/AnswerToAssQuestionSetEditor_Roo_Gwt.java
/home/nikotsunami/git/mcapp/MCApp2/src/main/java/medizin/client/a_nonroo/app/place/PlaceQuestion.java
/home/nikotsunami/git/mcapp/MCApp2/src/main/java/medizin/shared/scaffold/InstitutionRequestNonRoo.java
/home/nikotsunami/git/mcapp/MCApp2/src/main/java/medizin/client/a_nonroo/app/client/dnd3/ui/QuestionTypeDNDView.java
/home/nikotsunami/git/mcapp/MCApp2/src/main/java/medizin/client/managed/ui/QuestionSetEditor.java
/home/nikotsunami/git/mcapp/MCApp2/src/main/java/medizin/client/managed/ui/QuestionDetailsView.java
/home/nikotsunami/git/mcapp/MCApp2/src/main/java/medizin/client/managed/request/PersonRequest.java
/home/nikotsunami/git/mcapp/MCApp2/src/main/java/medizin/client/managed/ui/QuestionSumPerPersonDetailsView_Roo_Gwt.java
/home/nikotsunami/git/mcapp/MCApp2/src/main/java/medizin/client/managed/activity/McDetailsActivity.java
/home/nikotsunami/git/mcapp/MCApp2/src/main/java/medizin/client/managed/ui/CommentDetailsView_Roo_Gwt.java
/home/nikotsunami/git/mcapp/MCApp2/src/main/java/medizin/client/managed/ui/AssesmentMobileDetailsView.java
/home/nikotsunami/git/mcapp/MCApp2/src/main/java/medizin/client/scaffold/place/ProxyPlace.java
/home/nikotsunami/git/mcapp/MCApp2/src/main/java/medizin/client/managed/ui/QuestionSumPerPersonListView_Roo_Gwt.java
/home/nikotsunami/git/mcapp/MCApp2/src/main/java/medizin/client/managed/ui/StaticContentDetailsView_Roo_Gwt.java
/home/nikotsunami/git/mcapp/MCApp2/src/main/java/medizin/server/domain/Institution_Roo_Entity.aj
/home/nikotsunami/git/mcapp/MCApp2/src/main/java/medizin/server/domain/RedactionalBase.java
/home/nikotsunami/git/mcapp/MCApp2/src/main/java/medizin/client/a_nonroo/app/activities/ActivityUserMapper.java
/home/nikotsunami/git/mcapp/MCApp2/src/main/java/medizin/client/managed/ui/QuestionMobileListView.java
/home/nikotsunami/git/mcapp/MCApp2/src/main/java/medizin/client/managed/ui/AnswerToAssQuestionProxyRenderer.java
/home/nikotsunami/git/mcapp/MCApp2/src/main/java/medizin/server/domain/StaticToAssesment_Roo_Entity.aj
/home/nikotsunami/git/mcapp/MCApp2/src/main/java/medizin/client/managed/activity/AnswerToAssQuestionDetailsActivity_Roo_Gwt.java
/home/nikotsunami/git/mcapp/MCApp2/src/main/java/medizin/client/managed/ui/AssesmentQuestionMobileDetailsView_Roo_Gwt.java
/home/nikotsunami/git/mcapp/MCApp2/src/main/java/medizin/client/managed/activity/AssesmentEditActivityWrapper_Roo_Gwt.java
/home/nikotsunami/git/mcapp/MCApp2/src/main/java/medizin/client/a_nonroo/app/client/ui/QuestiontypesDetailsView.java
/home/nikotsunami/git/mcapp/MCApp2/src/main/java/medizin/client/managed/activity/InstitutionListActivity.java
/home/nikotsunami/git/mcapp/MCApp2/src/main/java/medizin/client/managed/ui/AnswerListView.java
/home/nikotsunami/git/mcapp/MCApp2/src/main/java/medizin/server/domain/AnswerToAssQuestion_Roo_ToString.aj
/home/nikotsunami/git/mcapp/MCApp2/src/main/java/medizin/client/managed/ui/PersonProxyRenderer.java
/home/nikotsunami/git/mcapp/MCApp2/src/main/java/medizin/client/a_nonroo/app/client/ErrorPanel.java
/home/nikotsunami/git/mcapp/MCApp2/src/main/java/medizin/client/a_nonroo/app/McAppShell.java
/home/nikotsunami/git/mcapp/MCApp2/src/main/java/medizin/client/managed/activity/QuestionTypeCountPerExamEditActivityWrapper_Roo_Gwt.java
/home/nikotsunami/git/mcapp/MCApp2/src/main/java/medizin/server/domain/QuestionEvent_Roo_Finder.aj
/home/nikotsunami/git/mcapp/MCApp2/src/main/java/medizin/client/managed/ui/AnswerToAssQuestionEditView.java
/home/nikotsunami/git/mcapp/MCApp2/src/main/java/medizin/client/a_nonroo/app/place/PlaceAssesmentDetails.java
/home/nikotsunami/git/mcapp/MCApp2/src/main/java/medizin/server/domain/Question_Roo_ToString.aj
/home/nikotsunami/git/mcapp/MCApp2/src/main/java/medizin/client/a_nonroo/app/client/ui/user/UserViewImpl.java
/home/nikotsunami/git/mcapp/MCApp2/src/main/java/medizin/server/domain/QuestionTypeCountPerExam_Roo_Configurable.aj
/home/nikotsunami/git/mcapp/MCApp2/src/main/java/medizin/client/scaffold/ui/MobileProxyListView.java
/home/nikotsunami/git/mcapp/MCApp2/src/main/java/medizin/server/domain/AssesmentQuestion_Roo_Configurable.aj
/home/nikotsunami/git/mcapp/MCApp2/src/main/java/medizin/client/managed/ui/StaticToAssesmentProxyRenderer.java
/home/nikotsunami/git/mcapp/MCApp2/src/main/java/medizin/client/managed/ui/McSetEditor_Roo_Gwt.java
/home/nikotsunami/git/mcapp/MCApp2/src/main/java/medizin/server/domain/Question_Roo_Entity.aj
/home/nikotsunami/git/mcapp/MCApp2/src/main/java/medizin/client/managed/activity/McListActivity.java
/home/nikotsunami/git/mcapp/MCApp2/src/main/java/medizin/client/managed/ui/QuestionEventSetEditor.java
/home/nikotsunami/git/mcapp/MCApp2/src/main/java/medizin/client/a_nonroo/app/client/ui/AcceptAnswerSubViewImpl.java
/home/nikotsunami/git/mcapp/MCApp2/src/main/java/medizin/server/domain/StaticContent_Roo_JavaBean.aj
/home/nikotsunami/git/mcapp/MCApp2/src/main/java/medizin/client/managed/ui/QuestionListEditor_Roo_Gwt.java
/home/nikotsunami/git/mcapp/MCApp2/src/main/java/medizin/client/scaffold/ui/FloatBox.java
/home/nikotsunami/git/mcapp/MCApp2/src/main/java/medizin/client/a_nonroo/app/client/dnd3/VerticalPanelWithSpacer.java
/home/nikotsunami/git/mcapp/MCApp2/src/main/java/medizin/server/domain/Keyword_Roo_ToString.aj
/home/nikotsunami/git/mcapp/MCApp2/src/main/java/medizin/client/managed/activity/QuestionEventDetailsActivity_Roo_Gwt.java
/home/nikotsunami/git/mcapp/MCApp2/src/main/java/medizin/client/a_nonroo/app/client/ui/user/UserEditViewImpl.java
/home/nikotsunami/git/mcapp/MCApp2/src/main/java/medizin/client/managed/ui/QuestionTypeCountPerExamDetailsView_Roo_Gwt.java
/home/nikotsunami/git/mcapp/MCApp2/src/main/java/medizin/client/managed/ui/EventAccessSetEditor.java
/home/nikotsunami/git/mcapp/MCApp2/src/main/java/medizin/client/a_nonroo/app/client/ui/EventViewImpl.java
/home/nikotsunami/git/mcapp/MCApp2/src/main/java/medizin/client/scaffold/place/FindAndEditProxy.java
/home/nikotsunami/git/mcapp/MCApp2/src/main/java/medizin/client/managed/ui/StaticContentProxyRenderer.java
/home/nikotsunami/git/mcapp/MCApp2/src/main/java/medizin/server/domain/Mc_Roo_Configurable.aj
/home/nikotsunami/git/mcapp/MCApp2/src/main/java/medizin/server/domain/Comment_Roo_Entity.aj
/home/nikotsunami/git/mcapp/MCApp2/src/main/java/medizin/client/a_nonroo/app/client/ui/assignquestion/QuestionPanel.java
/home/nikotsunami/git/mcapp/MCApp2/src/main/java/medizin/client/managed/activity/QuestionAccessDetailsActivity_Roo_Gwt.java
/home/nikotsunami/git/mcapp/MCApp2/src/main/java/medizin/client/managed/activity/StaticToAssesmentListActivity.java
/home/nikotsunami/git/mcapp/MCApp2/src/main/java/medizin/client/managed/ui/AnswerToAssQuestionMobileEditView.java
/home/nikotsunami/git/mcapp/MCApp2/src/main/java/medizin/client/managed/ui/QuestionListView.java
/home/nikotsunami/git/mcapp/MCApp2/src/main/java/medizin/client/a_nonroo/app/client/ui/assignquestion/AssesmentQuestionPanel.java
/home/nikotsunami/git/mcapp/MCApp2/src/main/java/medizin/client/managed/activity/KeywordEditActivityWrapper_Roo_Gwt.java
/home/nikotsunami/git/mcapp/MCApp2/src/main/java/medizin/client/a_nonroo/app/client/SlidingPanel.java
/home/nikotsunami/git/mcapp/MCApp2/src/main/java/medizin/client/scaffold/place/ProxyListView.java
/home/nikotsunami/git/mcapp/MCApp2/src/main/java/medizin/client/managed/ui/StaticContentSetEditor.java
/home/nikotsunami/git/mcapp/MCApp2/src/main/java/medizin/client/a_nonroo/app/activities/ActivityAcceptQuestion.java
/home/nikotsunami/git/mcapp/MCApp2/src/main/java/medizin/server/domain/QuestionAccess_Roo_Entity.aj
/home/nikotsunami/git/mcapp/MCApp2/src/main/java/medizin/client/managed/activity/QuestionEditActivityWrapper_Roo_Gwt.java
/home/nikotsunami/git/mcapp/MCApp2/src/main/java/medizin/client/scaffold/place/ProxyEditView.java
/home/nikotsunami/git/mcapp/MCApp2/src/main/java/medizin/client/managed/ui/QuestionEventDetailsView.java
/home/nikotsunami/git/mcapp/MCApp2/src/main/java/medizin/client/managed/ui/QuestionTypeProxyRenderer.java
/home/nikotsunami/git/mcapp/MCApp2/src/main/java/medizin/server/domain/QuestionTypeCountPerExam_Roo_Entity.aj
/home/nikotsunami/git/mcapp/MCApp2/src/main/java/medizin/client/managed/activity/QuestionTypeDetailsActivity.java
/home/nikotsunami/git/mcapp/MCApp2/src/main/java/medizin/client/managed/activity/EventAccessEditActivityWrapper_Roo_Gwt.java
/home/nikotsunami/git/mcapp/MCApp2/src/main/java/medizin/client/scaffold/ui/CharRenderer.java
/home/nikotsunami/git/mcapp/MCApp2/src/main/java/medizin/client/managed/ui/AnswerToAssQuestionMobileEditView_Roo_Gwt.java
/home/nikotsunami/git/mcapp/MCApp2/src/main/java/medizin/client/managed/ui/PersonEditView.java
/home/nikotsunami/git/mcapp/MCApp2/src/main/java/medizin/client/managed/ui/AssesmentMobileEditView_Roo_Gwt.java
/home/nikotsunami/git/mcapp/MCApp2/src/main/java/medizin/client/managed/request/McRequest.java
/home/nikotsunami/git/mcapp/MCApp2/src/main/java/medizin/client/a_nonroo/app/client/richtext/RichTextToolbar.java
/home/nikotsunami/git/mcapp/MCApp2/src/main/java/medizin/client/a_nonroo/app/client/dnd3/ui/QuestionViewImpl.java
/home/nikotsunami/git/mcapp/MCApp2/src/main/java/medizin/client/a_nonroo/app/client/ui/assesment/AssesmentDetailsView.java
/home/nikotsunami/git/mcapp/MCApp2/src/main/java/medizin/client/managed/ui/CommentMobileListView_Roo_Gwt.java
/home/nikotsunami/git/mcapp/MCApp2/src/main/java/medizin/client/a_nonroo/app/client/ui/user/QuestionAccessView.java
/home/nikotsunami/git/mcapp/MCApp2/src/main/java/medizin/client/managed/ui/StaticToAssesmentSetEditor.java
/home/nikotsunami/git/mcapp/MCApp2/src/main/java/medizin/client/a_nonroo/app/ApplicationEntry.java
/home/nikotsunami/git/mcapp/MCApp2/src/main/java/medizin/client/managed/activity/StaticToAssesmentActivitiesMapper.java
/home/nikotsunami/git/mcapp/MCApp2/src/main/java/medizin/client/managed/ui/AssesmentQuestionMobileListView_Roo_Gwt.java
/home/nikotsunami/git/mcapp/MCApp2/src/main/java/medizin/server/domain/Person_Roo_Entity.aj
/home/nikotsunami/git/mcapp/MCApp2/src/main/java/medizin/shared/scaffold/QuestionRequestNonRoo.java
/home/nikotsunami/git/mcapp/MCApp2/src/main/java/medizin/client/a_nonroo/app/place/PlaceBookAssesmentDetails.java
/home/nikotsunami/git/mcapp/MCApp2/src/main/java/medizin/client/scaffold/place/ProxyListPlace.java
/home/nikotsunami/git/mcapp/MCApp2/src/main/java/medizin/client/managed/ui/McListEditor_Roo_Gwt.java
/home/nikotsunami/git/mcapp/MCApp2/src/main/java/medizin/client/managed/ui/EventAccessMobileListView_Roo_Gwt.java
/home/nikotsunami/git/mcapp/MCApp2/src/main/java/medizin/client/managed/ui/QuestionTypeCountPerExamMobileListView.java
/home/nikotsunami/git/mcapp/MCApp2/src/main/java/medizin/client/managed/ui/CommentMobileEditView.java
/home/nikotsunami/git/mcapp/MCApp2/src/main/java/medizin/server/domain/Answer_Roo_Configurable.aj
/home/nikotsunami/git/mcapp/MCApp2/src/main/java/medizin/client/scaffold/ScaffoldMobileApp.java
/home/nikotsunami/git/mcapp/MCApp2/src/main/java/medizin/client/a_nonroo/app/activities/ActivityAssesment.java
/home/nikotsunami/git/mcapp/MCApp2/src/main/java/medizin/server/domain/QuestionType_Roo_Configurable.aj
/home/nikotsunami/git/mcapp/MCApp2/src/main/java/medizin/client/managed/ui/QuestionTypeCountPerExamSetEditor_Roo_Gwt.java
/home/nikotsunami/git/mcapp/MCApp2/src/main/java/medizin/client/managed/ui/AssesmentEditView_Roo_Gwt.java
/home/nikotsunami/git/mcapp/MCApp2/src/main/java/medizin/client/managed/request/EventAccessRequest.java
/home/nikotsunami/git/mcapp/MCApp2/src/main/java/medizin/client/managed/activity/InstitutionEditActivityWrapper.java
/home/nikotsunami/git/mcapp/MCApp2/src/main/java/medizin/client/a_nonroo/app/client/ui/AcceptPersonView.java
/home/nikotsunami/git/mcapp/MCApp2/src/main/java/medizin/client/managed/activity/PersonActivitiesMapper.java
/home/nikotsunami/git/mcapp/MCApp2/src/main/java/medizin/client/managed/activity/PersonListActivity.java
/home/nikotsunami/git/mcapp/MCApp2/src/main/java/medizin/client/a_nonroo/app/place/PlaceQuestiontypes.java
/home/nikotsunami/git/mcapp/MCApp2/src/main/java/medizin/client/a_nonroo/app/client/dnd3/ui/AnswerViewImpl.java
/home/nikotsunami/git/mcapp/MCApp2/src/main/java/medizin/server/domain/Person_Roo_Configurable.aj
/home/nikotsunami/git/mcapp/MCApp2/src/main/java/medizin/client/a_nonroo/app/client/ui/user/QuestionAccessDialogbox.java
/home/nikotsunami/git/mcapp/MCApp2/src/main/java/medizin/client/managed/ui/AssesmentQuestionDetailsView.java
/home/nikotsunami/git/mcapp/MCApp2/src/main/java/medizin/shared/scaffold/PersonRequestNonRoo.java
/home/nikotsunami/git/mcapp/MCApp2/src/main/java/medizin/client/managed/ui/QuestionAccessListView_Roo_Gwt.java
/home/nikotsunami/git/mcapp/MCApp2/src/main/java/medizin/client/managed/ui/QuestionTypeSetEditor.java
/home/nikotsunami/git/mcapp/MCApp2/src/main/java/medizin/server/domain/QuestionEvent_Roo_JavaBean.aj
/home/nikotsunami/git/mcapp/MCApp2/src/main/java/medizin/client/managed/ui/AnswerToAssQuestionListEditor_Roo_Gwt.java
/home/nikotsunami/git/mcapp/MCApp2/src/main/java/medizin/client/managed/ui/InstitutionMobileDetailsView.java
/home/nikotsunami/git/mcapp/MCApp2/src/main/java/medizin/client/a_nonroo/app/client/dnd3/Example.java
/home/nikotsunami/git/mcapp/MCApp2/src/main/java/medizin/client/managed/ui/AssesmentListEditor_Roo_Gwt.java
/home/nikotsunami/git/mcapp/MCApp2/src/main/java/medizin/client/managed/ui/AnswerProxyRenderer.java
/home/nikotsunami/git/mcapp/MCApp2/src/main/java/medizin/client/a_nonroo/app/activities/ActivityUserDetails.java
/home/nikotsunami/git/mcapp/MCApp2/src/main/java/medizin/client/managed/ui/KeywordListView.java
/home/nikotsunami/git/mcapp/MCApp2/src/main/java/medizin/client/managed/activity/KeywordListActivity.java
/home/nikotsunami/git/mcapp/MCApp2/src/main/java/medizin/server/domain/Answer_Roo_Entity.aj
/home/nikotsunami/git/mcapp/MCApp2/src/main/java/medizin/client/a_nonroo/app/client/ui/assignquestion/QuestionView.java
/home/nikotsunami/git/mcapp/MCApp2/src/main/java/medizin/client/managed/request/EventAccessProxy.java
/home/nikotsunami/git/mcapp/MCApp2/src/main/java/medizin/client/managed/ui/ApplicationListPlaceRenderer_Roo_Gwt.java
/home/nikotsunami/git/mcapp/MCApp2/src/main/java/medizin/server/domain/QuestionEvent_Roo_Configurable.aj
/home/nikotsunami/git/mcapp/MCApp2/src/main/java/medizin/client/a_nonroo/app/client/DeclineEmailPopupDelagate.java
/home/nikotsunami/git/mcapp/MCApp2/src/main/java/medizin/client/a_nonroo/app/client/ui/question/QuestionEditView.java
/home/nikotsunami/git/mcapp/MCApp2/src/main/java/medizin/server/domain/Mc_Roo_Entity.aj
/home/nikotsunami/git/mcapp/MCApp2/src/main/java/medizin/client/managed/ui/AnswerMobileEditView.java
/home/nikotsunami/git/mcapp/MCApp2/src/main/java/medizin/client/a_nonroo/app/client/McAppConstant.java
/home/nikotsunami/git/mcapp/MCApp2/src/main/java/medizin/client/managed/ui/StaticToAssesmentMobileEditView_Roo_Gwt.java
/home/nikotsunami/git/mcapp/MCApp2/src/main/java/medizin/server/domain/StaticContent_Roo_Configurable.aj
/home/nikotsunami/git/mcapp/MCApp2/src/main/java/medizin/client/managed/activity/KeywordDetailsActivity_Roo_Gwt.java
/home/nikotsunami/git/mcapp/MCApp2/src/main/java/medizin/client/managed/ui/CommentListView.java
/home/nikotsunami/git/mcapp/MCApp2/src/main/java/medizin/client/managed/ui/AssesmentQuestionEditView.java
/home/nikotsunami/git/mcapp/MCApp2/src/main/java/medizin/client/managed/ui/QuestionSumPerPersonDetailsView.java
/home/nikotsunami/git/mcapp/MCApp2/src/main/java/medizin/client/a_nonroo/app/client/SortableHeader.java
/home/nikotsunami/git/mcapp/MCApp2/src/main/java/medizin/client/a_nonroo/app/client/ui/question/AnswerListView.java
/home/nikotsunami/git/mcapp/MCApp2/src/main/java/medizin/client/managed/ui/InstitutionMobileEditView.java
/home/nikotsunami/git/mcapp/MCApp2/src/main/java/medizin/client/scaffold/ScaffoldDesktopApp.java
/home/nikotsunami/git/mcapp/MCApp2/src/main/java/medizin/server/domain/AnswerToAssQuestion.java
/home/nikotsunami/git/mcapp/MCApp2/src/main/java/medizin/client/managed/ui/AssesmentQuestionListView_Roo_Gwt.java
/home/nikotsunami/git/mcapp/MCApp2/src/main/java/medizin/client/managed/activity/StaticContentDetailsActivity.java
/home/nikotsunami/git/mcapp/MCApp2/src/main/java/medizin/client/managed/ui/AssesmentDetailsView.java
/home/nikotsunami/git/mcapp/MCApp2/src/main/java/medizin/client/a_nonroo/app/place/PlaceAcceptAnswer.java
/home/nikotsunami/git/mcapp/MCApp2/src/main/java/medizin/client/a_nonroo/app/client/ui/AcceptAssQuestionView.java
/home/nikotsunami/git/mcapp/MCApp2/src/main/java/medizin/server/domain/QuestionAccess_Roo_ToString.aj
/home/nikotsunami/git/mcapp/MCApp2/src/main/java/medizin/client/scaffold/ui/ShortRenderer.java
/home/nikotsunami/git/mcapp/MCApp2/src/main/java/medizin/client/managed/activity/CommentDetailsActivity.java
/home/nikotsunami/git/mcapp/MCApp2/src/main/java/medizin/client/managed/activity/AnswerEditActivityWrapper_Roo_Gwt.java
/home/nikotsunami/git/mcapp/MCApp2/src/main/java/medizin/client/shared/AccessRights.java
/home/nikotsunami/git/mcapp/MCApp2/src/main/java/medizin/client/managed/ui/QuestionAccessSetEditor_Roo_Gwt.java
/home/nikotsunami/git/mcapp/MCApp2/src/main/java/medizin/server/domain/QuestionEvent.java
/home/nikotsunami/git/mcapp/MCApp2/src/main/java/medizin/client/managed/ui/EventAccessProxyRenderer.java
/home/nikotsunami/git/mcapp/MCApp2/src/main/java/medizin/client/managed/activity/QuestionTypeCountPerExamActivitiesMapper.java
/home/nikotsunami/git/mcapp/MCApp2/src/main/java/medizin/client/a_nonroo/app/client/ui/StaticContentViewImpl.java
/home/nikotsunami/git/mcapp/MCApp2/src/main/java/medizin/client/scaffold/ScaffoldMobileShell.java
/home/nikotsunami/git/mcapp/MCApp2/src/main/java/medizin/client/a_nonroo/app/activities/ActivityAcceptAssQuestion.java
/home/nikotsunami/git/mcapp/MCApp2/src/main/java/medizin/client/managed/ui/CommentMobileDetailsView_Roo_Gwt.java
/home/nikotsunami/git/mcapp/MCApp2/src/main/java/medizin/client/managed/request/McProxy.java
/home/nikotsunami/git/mcapp/MCApp2/src/main/java/medizin/client/managed/ui/QuestionSumPerPersonEditView_Roo_Gwt.java
/home/nikotsunami/git/mcapp/MCApp2/src/main/java/medizin/client/managed/activity/AssesmentQuestionEditActivityWrapper_Roo_Gwt.java
/home/nikotsunami/git/mcapp/MCApp2/src/main/java/medizin/client/managed/ui/QuestionAccessMobileEditView_Roo_Gwt.java
/home/nikotsunami/git/mcapp/MCApp2/src/main/java/medizin/client/managed/request/InstitutionRequest.java
/home/nikotsunami/git/mcapp/MCApp2/src/main/java/medizin/client/a_nonroo/app/client/ui/OpenDemandViewImpl.java
/home/nikotsunami/git/mcapp/MCApp2/src/main/java/medizin/client/managed/activity/QuestionAccessListActivity.java
/home/nikotsunami/git/mcapp/MCApp2/src/main/java/medizin/client/managed/activity/ScaffoldMobileActivities.java
/home/nikotsunami/git/mcapp/MCApp2/src/main/java/medizin/client/managed/ui/PersonMobileEditView_Roo_Gwt.java
/home/nikotsunami/git/mcapp/MCApp2/src/main/java/medizin/shared/scaffold/SystemOverviewRequestNonRoo.java
/home/nikotsunami/git/mcapp/MCApp2/src/main/java/medizin/client/managed/request/QuestionTypeCountPerExamRequest.java
/home/nikotsunami/git/mcapp/MCApp2/src/main/java/medizin/client/managed/activity/CommentListActivity.java
/home/nikotsunami/git/mcapp/MCApp2/src/main/java/medizin/client/managed/ui/AnswerEditView_Roo_Gwt.java
/home/nikotsunami/git/mcapp/MCApp2/src/main/java/medizin/client/managed/ui/AnswerListEditor_Roo_Gwt.java
/home/nikotsunami/git/mcapp/MCApp2/src/main/java/medizin/client/a_nonroo/app/activities/ActivityQuestiontypesMapper.java
/home/nikotsunami/git/mcapp/MCApp2/src/main/java/medizin/client/managed/activity/QuestionTypeEditActivityWrapper.java
/home/nikotsunami/git/mcapp/MCApp2/src/main/java/medizin/server/domain/Comment_Roo_JavaBean.aj
/home/nikotsunami/git/mcapp/MCApp2/src/main/java/medizin/server/domain/Question_Roo_Configurable.aj
/home/nikotsunami/git/mcapp/MCApp2/src/main/java/medizin/client/managed/request/QuestionSumPerPersonRequest.java
/home/nikotsunami/git/mcapp/MCApp2/src/main/java/medizin/client/a_nonroo/app/McApplication.java
/home/nikotsunami/git/mcapp/MCApp2/src/main/java/medizin/client/a_nonroo/app/client/ui/assesment/QuestionTypeCountViewImpl.java
/home/nikotsunami/git/mcapp/MCApp2/src/main/java/medizin/client/managed/ui/CommentEditView.java
/home/nikotsunami/git/mcapp/MCApp2/src/main/java/medizin/client/a_nonroo/app/client/ui/assignquestion/AssesmentQuestionView.java
/home/nikotsunami/git/mcapp/MCApp2/src/main/java/medizin/client/managed/ui/KeywordDetailsView_Roo_Gwt.java
/home/nikotsunami/git/mcapp/MCApp2/src/main/java/medizin/client/managed/ui/QuestionEventListEditor_Roo_Gwt.java
/home/nikotsunami/git/mcapp/MCApp2/src/main/java/medizin/client/managed/ui/PersonMobileListView.java
/home/nikotsunami/git/mcapp/MCApp2/src/main/java/medizin/client/managed/ui/InstitutionListEditor.java
/home/nikotsunami/git/mcapp/MCApp2/src/main/java/medizin/server/domain/RedactionalBase_Roo_JavaBean.aj
/home/nikotsunami/git/mcapp/MCApp2/src/main/java/medizin/client/managed/activity/AssesmentQuestionEditActivityWrapper.java
/home/nikotsunami/git/mcapp/MCApp2/src/main/java/medizin/client/a_nonroo/app/client/ui/assesment/AssesmentView.java
/home/nikotsunami/git/mcapp/MCApp2/src/main/java/medizin/client/a_nonroo/app/client/dnd3/VerticalPanelDropController.java
/home/nikotsunami/git/mcapp/MCApp2/src/main/java/medizin/client/managed/ui/CommentListView_Roo_Gwt.java
/home/nikotsunami/git/mcapp/MCApp2/src/main/java/medizin/server/domain/AnswerToAssQuestion_Roo_Configurable.aj
/home/nikotsunami/git/mcapp/MCApp2/src/main/java/medizin/client/a_nonroo/app/ioc/McGinModule.java
/home/nikotsunami/git/mcapp/MCApp2/src/main/java/medizin/client/managed/ui/InstitutionMobileEditView_Roo_Gwt.java
/home/nikotsunami/git/mcapp/MCApp2/src/main/java/medizin/client/managed/ui/InstitutionListView.java
/home/nikotsunami/git/mcapp/MCApp2/src/main/java/medizin/client/managed/activity/QuestionAccessEditActivityWrapper_Roo_Gwt.java
/home/nikotsunami/git/mcapp/MCApp2/src/main/java/medizin/client/managed/ui/AssesmentQuestionListEditor_Roo_Gwt.java
/home/nikotsunami/git/mcapp/MCApp2/src/main/java/medizin/client/a_nonroo/app/client/ui/assesment/QuestionTypeCountView.java
/home/nikotsunami/git/mcapp/MCApp2/src/main/java/medizin/shared/scaffold/AnswerToAssQuestionRequestNonRoo.java
/home/nikotsunami/git/mcapp/MCApp2/src/main/java/medizin/client/managed/activity/QuestionEventActivitiesMapper.java
/home/nikotsunami/git/mcapp/MCApp2/src/main/java/medizin/client/a_nonroo/app/place/PlaceSystemOverview.java
/home/nikotsunami/git/mcapp/MCApp2/src/main/java/medizin/client/managed/ui/PersonDetailsView_Roo_Gwt.java
/home/nikotsunami/git/mcapp/MCApp2/src/main/java/medizin/client/managed/ui/EventAccessMobileEditView_Roo_Gwt.java
/home/nikotsunami/git/mcapp/MCApp2/src/main/java/medizin/client/managed/ui/InstitutionMobileListView.java
/home/nikotsunami/git/mcapp/MCApp2/src/main/java/medizin/client/managed/ui/CommentMobileListView.java
/home/nikotsunami/git/mcapp/MCApp2/src/main/java/medizin/client/managed/ui/CommentListEditor.java
/home/nikotsunami/git/mcapp/MCApp2/src/main/java/medizin/client/managed/ui/EventAccessListView.java
/home/nikotsunami/git/mcapp/MCApp2/src/main/java/medizin/client/scaffold/ioc/InjectorWrapper.java
/home/nikotsunami/git/mcapp/MCApp2/src/main/java/medizin/client/managed/ui/KeywordMobileEditView.java
/home/nikotsunami/git/mcapp/MCApp2/src/main/java/medizin/client/scaffold/ScaffoldDesktopShell.java
/home/nikotsunami/git/mcapp/MCApp2/src/main/java/medizin/client/managed/activity/CommentActivitiesMapper.java
/home/nikotsunami/git/mcapp/MCApp2/src/main/java/medizin/client/managed/request/QuestionTypeCountPerExamProxy.java
/home/nikotsunami/git/mcapp/MCApp2/src/main/java/medizin/client/managed/ui/EventAccessEditView.java
/home/nikotsunami/git/mcapp/MCApp2/src/main/java/medizin/client/scaffold/ui/ByteParser.java
/home/nikotsunami/git/mcapp/MCApp2/src/main/java/medizin/client/managed/ui/InstitutionEditView.java
/home/nikotsunami/git/mcapp/MCApp2/src/main/java/medizin/client/scaffold/place/ManageQuestionsPlace_nonroo.java
/home/nikotsunami/git/mcapp/MCApp2/src/main/java/medizin/client/a_nonroo/app/activities/ActivityInstitutionMapper.java
/home/nikotsunami/git/mcapp/MCApp2/src/main/java/medizin/client/a_nonroo/app/client/ui/assignquestion/QuestionViewImpl.java
/home/nikotsunami/git/mcapp/MCApp2/src/main/java/medizin/client/scaffold/place/ProxyListPlacePicker.java
/home/nikotsunami/git/mcapp/MCApp2/src/main/java/medizin/server/domain/QuestionSumPerPerson_Roo_Finder.aj
/home/nikotsunami/git/mcapp/MCApp2/src/main/java/medizin/client/managed/ui/EventAccessListEditor.java
/home/nikotsunami/git/mcapp/MCApp2/src/main/java/medizin/client/managed/activity/QuestionTypeCountPerExamListActivity.java
/home/nikotsunami/git/mcapp/MCApp2/src/main/java/medizin/client/managed/request/AnswerToAssQuestionRequest.java
/home/nikotsunami/git/mcapp/MCApp2/src/main/java/medizin/client/a_nonroo/app/activities/ActivityAcceptPerson.java
/home/nikotsunami/git/mcapp/MCApp2/src/main/java/medizin/client/a_nonroo/app/activities/ActivityInstitutionEvent.java
/home/nikotsunami/git/mcapp/MCApp2/src/main/java/medizin/client/a_nonroo/app/place/PlaceUser.java
/home/nikotsunami/git/mcapp/MCApp2/src/main/java/medizin/client/a_nonroo/app/place/PlaceAsignAssQuestion.java
/home/nikotsunami/git/mcapp/MCApp2/src/main/java/medizin/client/managed/ui/KeywordEditView_Roo_Gwt.java
/home/nikotsunami/git/mcapp/MCApp2/src/main/java/medizin/client/managed/activity/EventAccessDetailsActivity_Roo_Gwt.java
/home/nikotsunami/git/mcapp/MCApp2/src/main/java/medizin/client/a_nonroo/app/client/ui/assesment/AssesmentEditViewImpl.java
/home/nikotsunami/git/mcapp/MCApp2/src/main/java/medizin/client/a_nonroo/app/client/ui/AcceptAnswerSubView.java
/home/nikotsunami/git/mcapp/MCApp2/src/main/java/medizin/server/domain/QuestionAccess_Roo_JavaBean.aj
/home/nikotsunami/git/mcapp/MCApp2/src/main/java/medizin/client/managed/activity/EventAccessActivitiesMapper.java
/home/nikotsunami/git/mcapp/MCApp2/src/main/java/medizin/client/managed/ui/QuestionTypeCountPerExamDetailsView.java
/home/nikotsunami/git/mcapp/MCApp2/src/main/java/medizin/shared/scaffold/AnswerRequestNonRoo.java
/home/nikotsunami/git/mcapp/MCApp2/src/main/java/medizin/client/scaffold/ui/FloatRenderer.java
/home/nikotsunami/git/mcapp/MCApp2/src/main/java/medizin/client/managed/request/QuestionRequest.java
/home/nikotsunami/git/mcapp/MCApp2/src/main/java/medizin/client/managed/ui/EventAccessDetailsView.java
/home/nikotsunami/git/mcapp/MCApp2/src/main/java/medizin/server/domain/Assesment_Roo_ToString.aj
/home/nikotsunami/git/mcapp/MCApp2/src/main/java/medizin/client/managed/ui/QuestionTypeCountPerExamEditView.java
/home/nikotsunami/git/mcapp/MCApp2/src/main/java/medizin/client/managed/request/StaticContentRequest.java
/home/nikotsunami/git/mcapp/MCApp2/src/main/java/medizin/client/managed/ui/AssesmentQuestionMobileListView.java
/home/nikotsunami/git/mcapp/MCApp2/src/main/java/medizin/client/managed/ui/QuestionAccessProxyRenderer.java
/home/nikotsunami/git/mcapp/MCApp2/src/main/java/medizin/client/managed/ui/QuestionAccessEditView.java
/home/nikotsunami/git/mcapp/MCApp2/src/main/java/medizin/client/managed/activity/StaticToAssesmentEditActivityWrapper_Roo_Gwt.java
/home/nikotsunami/git/mcapp/MCApp2/src/main/java/medizin/client/a_nonroo/app/activities/ActivityAsignAssQuestion.java
/home/nikotsunami/git/mcapp/MCApp2/src/main/java/medizin/client/a_nonroo/app/client/dnd3/ui/EventViewImpl.java
/home/nikotsunami/git/mcapp/MCApp2/src/main/java/medizin/client/managed/activity/AnswerDetailsActivity_Roo_Gwt.java
/home/nikotsunami/git/mcapp/MCApp2/src/main/java/medizin/client/managed/activity/PersonEditActivityWrapper.java
/home/nikotsunami/git/mcapp/MCApp2/src/main/java/medizin/client/managed/activity/QuestionSumPerPersonActivitiesMapper.java
/home/nikotsunami/git/mcapp/MCApp2/src/main/java/medizin/client/a_nonroo/app/client/ui/assesment/QuestionSumPerPersonView.java
/home/nikotsunami/git/mcapp/MCApp2/src/main/java/medizin/client/a_nonroo/app/activities/FilterForMainPlaces.java
/home/nikotsunami/git/mcapp/MCApp2/src/main/java/medizin/server/domain/StaticToAssesment_Roo_ToString.aj
/home/nikotsunami/git/mcapp/MCApp2/src/main/java/medizin/client/managed/ui/QuestionAccessMobileDetailsView.java
/home/nikotsunami/git/mcapp/MCApp2/src/main/java/medizin/client/a_nonroo/app/request/McAppRequestFactory.java
/home/nikotsunami/git/mcapp/MCApp2/src/main/java/medizin/client/a_nonroo/app/client/AssesmenBookDialogboxImpl.java
/home/nikotsunami/git/mcapp/MCApp2/src/main/java/medizin/client/a_nonroo/app/activities/ActivityQuestionEdit.java
/home/nikotsunami/git/mcapp/MCApp2/src/main/java/medizin/client/managed/ui/PersonMobileDetailsView_Roo_Gwt.java
/home/nikotsunami/git/mcapp/MCApp2/src/main/java/medizin/client/managed/ui/QuestionSumPerPersonProxyRenderer.java
/home/nikotsunami/git/mcapp/MCApp2/src/main/java/medizin/server/domain/QuestionEvent_Roo_Entity.aj
/home/nikotsunami/git/mcapp/MCApp2/src/main/java/medizin/client/managed/ui/AssesmentQuestionListEditor.java
/home/nikotsunami/git/mcapp/MCApp2/src/main/java/medizin/client/managed/ui/QuestionEventMobileEditView_Roo_Gwt.java
/home/nikotsunami/git/mcapp/MCApp2/src/main/java/medizin/server/domain/Comment_Roo_ToString.aj
/home/nikotsunami/git/mcapp/MCApp2/src/main/java/medizin/client/a_nonroo/app/place/PlaceQuestiontypesDetails.java
/home/nikotsunami/git/mcapp/MCApp2/src/main/java/medizin/client/a_nonroo/app/place/PlaceQuestionDetails.java
/home/nikotsunami/git/mcapp/MCApp2/src/main/java/medizin/client/managed/activity/InstitutionEditActivityWrapper_Roo_Gwt.java
/home/nikotsunami/git/mcapp/MCApp2/src/main/java/medizin/client/managed/ui/PersonSetEditor_Roo_Gwt.java
/home/nikotsunami/git/mcapp/MCApp2/src/main/java/medizin/client/managed/ui/QuestionTypeCountPerExamMobileDetailsView.java
/home/nikotsunami/git/mcapp/MCApp2/src/main/java/medizin/client/managed/activity/ApplicationMasterActivities.java
/home/nikotsunami/git/mcapp/MCApp2/src/main/java/medizin/client/managed/ui/StaticContentEditView_Roo_Gwt.java
/home/nikotsunami/git/mcapp/MCApp2/src/main/java/medizin/client/a_nonroo/app/client/ui/question/QuestionEditViewImpl.java
/home/nikotsunami/git/mcapp/MCApp2/src/main/java/medizin/client/managed/ui/QuestionTypeCountPerExamListView_Roo_Gwt.java
/home/nikotsunami/git/mcapp/MCApp2/src/main/java/medizin/client/a_nonroo/app/client/ui/EventView.java
/home/nikotsunami/git/mcapp/MCApp2/src/main/java/medizin/client/managed/activity/AnswerToAssQuestionEditActivityWrapper_Roo_Gwt.java
/home/nikotsunami/git/mcapp/MCApp2/src/main/java/medizin/server/domain/QuestionSumPerPerson_Roo_Entity.aj
/home/nikotsunami/git/mcapp/MCApp2/src/main/java/medizin/server/domain/QuestionType_Roo_Entity.aj
/home/nikotsunami/git/mcapp/MCApp2/src/main/java/medizin/client/managed/activity/AssesmentActivitiesMapper.java
/home/nikotsunami/git/mcapp/MCApp2/src/main/java/medizin/client/a_nonroo/app/client/ui/AcceptAnswerView.java
/home/nikotsunami/git/mcapp/MCApp2/src/main/java/medizin/client/managed/ui/StaticToAssesmentListEditor.java
/home/nikotsunami/git/mcapp/MCApp2/src/main/java/medizin/client/managed/ui/QuestionEventMobileDetailsView_Roo_Gwt.java
/home/nikotsunami/git/mcapp/MCApp2/src/main/java/medizin/client/managed/activity/StaticToAssesmentEditActivityWrapper.java
/home/nikotsunami/git/mcapp/MCApp2/src/main/java/medizin/client/managed/ui/EventAccessListView_Roo_Gwt.java
/home/nikotsunami/git/mcapp/MCApp2/src/main/java/medizin/client/a_nonroo/app/client/ui/assignquestion/AssesmentTabPanelImpl.java
/home/nikotsunami/git/mcapp/MCApp2/src/main/java/medizin/client/managed/activity/QuestionSumPerPersonEditActivityWrapper_Roo_Gwt.java
/home/nikotsunami/git/mcapp/MCApp2/src/main/java/medizin/client/a_nonroo/app/client/ui/assesment/QuestionSumPerPersonDialogbox.java
/home/nikotsunami/git/mcapp/MCApp2/src/main/java/medizin/client/scaffold/ui/FloatParser.java
/home/nikotsunami/git/mcapp/MCApp2/src/main/java/medizin/client/managed/ui/AnswerToAssQuestionDetailsView_Roo_Gwt.java
/home/nikotsunami/git/mcapp/MCApp2/src/main/java/medizin/client/managed/activity/McEditActivityWrapper_Roo_Gwt.java
/home/nikotsunami/git/mcapp/MCApp2/src/main/java/medizin/client/managed/ui/AssesmentQuestionListView.java
/home/nikotsunami/git/mcapp/MCApp2/src/main/java/medizin/client/managed/ui/QuestionAccessMobileListView_Roo_Gwt.java
/home/nikotsunami/git/mcapp/MCApp2/src/main/java/medizin/client/managed/ui/QuestionAccessEditView_Roo_Gwt.java
/home/nikotsunami/git/mcapp/MCApp2/src/main/java/medizin/client/a_nonroo/app/client/ui/QuestiontypesEditView.java
/home/nikotsunami/git/mcapp/MCApp2/src/main/java/medizin/client/managed/request/QuestionAccessProxy.java
/home/nikotsunami/git/mcapp/MCApp2/src/main/java/medizin/client/a_nonroo/app/activities/ActivityQuestionDetails.java
/home/nikotsunami/git/mcapp/MCApp2/src/main/java/medizin/server/domain/Institution_Roo_Configurable.aj
/home/nikotsunami/git/mcapp/MCApp2/src/main/java/medizin/server/domain/QuestionType.java
/home/nikotsunami/git/mcapp/MCApp2/src/main/java/medizin/client/scaffold/place/CollectionRenderer.java
/home/nikotsunami/git/mcapp/MCApp2/src/main/java/medizin/client/managed/request/QuestionTypeProxy.java
/home/nikotsunami/git/mcapp/MCApp2/src/main/java/medizin/client/a_nonroo/app/activities/ActivityOpenDemand.java
/home/nikotsunami/git/mcapp/MCApp2/src/main/java/medizin/server/domain/RedactionalBase_Roo_ToString.aj
/home/nikotsunami/git/mcapp/MCApp2/src/main/java/medizin/client/managed/ui/AnswerSetEditor.java
/home/nikotsunami/git/mcapp/MCApp2/src/main/java/medizin/client/managed/ui/AssesmentQuestionEditView_Roo_Gwt.java
/home/nikotsunami/git/mcapp/MCApp2/src/main/java/medizin/client/managed/ui/InstitutionProxyRenderer.java
/home/nikotsunami/git/mcapp/MCApp2/src/main/java/medizin/client/managed/ui/QuestionSumPerPersonMobileEditView.java
/home/nikotsunami/git/mcapp/MCApp2/src/main/java/medizin/client/managed/request/QuestionSumPerPersonProxy.java
/home/nikotsunami/git/mcapp/MCApp2/src/main/java/medizin/client/managed/ui/KeywordMobileListView_Roo_Gwt.java
/home/nikotsunami/git/mcapp/MCApp2/src/main/java/medizin/client/managed/ui/KeywordProxyRenderer.java
/home/nikotsunami/git/mcapp/MCApp2/src/main/java/medizin/client/managed/ui/McListView_Roo_Gwt.java
/home/nikotsunami/git/mcapp/MCApp2/src/main/java/medizin/client/managed/ui/McDetailsView.java
/home/nikotsunami/git/mcapp/MCApp2/src/main/java/medizin/client/managed/ui/InstitutionListEditor_Roo_Gwt.java
/home/nikotsunami/git/mcapp/MCApp2/src/main/java/medizin/client/a_nonroo/app/client/dnd3/RedBoxDraggableWidget.java
/home/nikotsunami/git/mcapp/MCApp2/src/main/java/medizin/client/a_nonroo/app/client/dnd3/InsertPanelVertical.java
/home/nikotsunami/git/mcapp/MCApp2/src/main/java/medizin/client/managed/ui/McDetailsView_Roo_Gwt.java
/home/nikotsunami/git/mcapp/MCApp2/src/main/java/medizin/client/managed/ui/CommentSetEditor_Roo_Gwt.java
/home/nikotsunami/git/mcapp/MCApp2/src/main/java/medizin/client/managed/ui/QuestionSetEditor_Roo_Gwt.java
/home/nikotsunami/git/mcapp/MCApp2/src/main/java/medizin/client/managed/request/AssesmentQuestionRequest.java
/home/nikotsunami/git/mcapp/MCApp2/src/main/java/medizin/client/managed/activity/KeywordActivitiesMapper.java
/home/nikotsunami/git/mcapp/MCApp2/src/main/java/medizin/client/managed/request/StaticContentProxy.java
/home/nikotsunami/git/mcapp/MCApp2/src/main/java/medizin/client/managed/ui/QuestionTypeDetailsView.java
/home/nikotsunami/git/mcapp/MCApp2/src/main/java/medizin/client/managed/ui/StaticContentListView_Roo_Gwt.java
/home/nikotsunami/git/mcapp/MCApp2/src/main/java/medizin/server/domain/AssesmentQuestion_Roo_Entity.aj
/home/nikotsunami/git/mcapp/MCApp2/src/main/java/medizin/client/a_nonroo/app/client/ui/question/ConfirmQuestionChangesPopup.java
/home/nikotsunami/git/mcapp/MCApp2/src/main/java/medizin/client/scaffold/ioc/DesktopInjectorWrapper.java
/home/nikotsunami/git/mcapp/MCApp2/src/main/java/medizin/server/domain/QuestionType_Roo_ToString.aj
/home/nikotsunami/git/mcapp/MCApp2/src/main/java/medizin/client/managed/request/AssesmentProxy.java
/home/nikotsunami/git/mcapp/MCApp2/src/main/java/medizin/server/domain/StaticContent_Roo_ToString.aj
/home/nikotsunami/git/mcapp/MCApp2/src/main/java/medizin/client/managed/ui/KeywordEditView.java
/home/nikotsunami/git/mcapp/MCApp2/src/main/java/medizin/client/managed/activity/QuestionTypeCountPerExamDetailsActivity_Roo_Gwt.java
/home/nikotsunami/git/mcapp/MCApp2/src/main/java/medizin/server/domain/AssesmentQuestion_Roo_ToString.aj
/home/nikotsunami/git/mcapp/MCApp2/src/main/java/medizin/client/managed/request/PersonProxy.java
/home/nikotsunami/git/mcapp/MCApp2/src/main/java/medizin/client/managed/activity/QuestionSumPerPersonDetailsActivity.java
/home/nikotsunami/git/mcapp/MCApp2/src/main/java/medizin/client/a_nonroo/app/activities/ActivityAssesmentCreate.java
/home/nikotsunami/git/mcapp/MCApp2/src/main/java/medizin/client/managed/ui/McMobileEditView.java
/home/nikotsunami/git/mcapp/MCApp2/src/main/java/medizin/client/a_nonroo/app/client/ui/assesment/QuestionTypeCountAddDialogbox.java
/home/nikotsunami/git/mcapp/MCApp2/src/main/java/medizin/client/managed/ui/StaticToAssesmentSetEditor_Roo_Gwt.java
/home/nikotsunami/git/mcapp/MCApp2/src/main/java/medizin/client/a_nonroo/app/client/ui/AcceptAnswerViewImpl.java
/home/nikotsunami/git/mcapp/MCApp2/src/main/java/medizin/server/domain/QuestionAccess_Roo_Configurable.aj
/home/nikotsunami/git/mcapp/MCApp2/src/main/java/medizin/client/managed/activity/QuestionEventEditActivityWrapper.java
/home/nikotsunami/git/mcapp/MCApp2/src/main/java/medizin/client/managed/ui/AnswerMobileDetailsView_Roo_Gwt.java
/home/nikotsunami/git/mcapp/MCApp2/src/main/java/medizin/client/managed/ui/QuestionListView_Roo_Gwt.java
/home/nikotsunami/git/mcapp/MCApp2/src/main/java/medizin/client/a_nonroo/app/activities/ActivityAssesmentMapper.java
/home/nikotsunami/git/mcapp/MCApp2/src/main/java/medizin/client/managed/ui/EventAccessSetEditor_Roo_Gwt.java
/home/nikotsunami/git/mcapp/MCApp2/src/main/java/medizin/client/managed/ui/CommentEditView_Roo_Gwt.java
/home/nikotsunami/git/mcapp/MCApp2/src/main/java/medizin/client/managed/ui/QuestionAccessSetEditor.java
/home/nikotsunami/git/mcapp/MCApp2/src/main/java/medizin/server/domain/AnswerToAssQuestion_Roo_JavaBean.aj
/home/nikotsunami/git/mcapp/MCApp2/src/main/java/medizin/client/a_nonroo/app/client/ui/user/UserDetailsViewImpl.java
/home/nikotsunami/git/mcapp/MCApp2/src/main/java/medizin/client/managed/ui/QuestionEditView.java
/home/nikotsunami/git/mcapp/MCApp2/src/main/java/medizin/server/domain/AssesmentQuestion.java
/home/nikotsunami/git/mcapp/MCApp2/src/main/java/medizin/client/managed/activity/McDetailsActivity_Roo_Gwt.java
/home/nikotsunami/git/mcapp/MCApp2/src/main/java/medizin/client/managed/activity/McEditActivityWrapper.java
/home/nikotsunami/git/mcapp/MCApp2/src/main/java/medizin/client/a_nonroo/app/client/DeclineEmailPopup.java
/home/nikotsunami/git/mcapp/MCApp2/src/main/java/medizin/client/managed/request/CommentProxy.java
/home/nikotsunami/git/mcapp/MCApp2/src/main/java/medizin/client/managed/ui/KeywordMobileDetailsView.java
/home/nikotsunami/git/mcapp/MCApp2/src/main/java/medizin/shared/scaffold/AssesmentRequestNonRoo.java
/home/nikotsunami/git/mcapp/MCApp2/src/main/java/medizin/client/managed/ui/McEditView_Roo_Gwt.java
/home/nikotsunami/git/mcapp/MCApp2/src/main/java/medizin/client/managed/ui/QuestionMobileDetailsView.java
/home/nikotsunami/git/mcapp/MCApp2/src/main/java/medizin/shared/scaffold/QuestionAccessRequestNonRoo.java
/home/nikotsunami/git/mcapp/MCApp2/src/main/java/medizin/server/domain/Assesment.java
/home/nikotsunami/git/mcapp/MCApp2/src/main/java/medizin/client/a_nonroo/app/client/ui/OpenDemandView.java
/home/nikotsunami/git/mcapp/MCApp2/src/main/java/medizin/client/managed/activity/QuestionListActivity.java
/home/nikotsunami/git/mcapp/MCApp2/src/main/java/medizin/client/managed/ui/EventAccessMobileDetailsView_Roo_Gwt.java
/home/nikotsunami/git/mcapp/MCApp2/src/main/java/medizin/shared/scaffold/QuestionEventRequestNonRoo.java
/home/nikotsunami/git/mcapp/MCApp2/src/main/java/medizin/client/managed/ui/AnswerSetEditor_Roo_Gwt.java
/home/nikotsunami/git/mcapp/MCApp2/src/main/java/medizin/client/managed/activity/AnswerListActivity.java
/home/nikotsunami/git/mcapp/MCApp2/src/main/java/medizin/client/managed/activity/StaticToAssesmentDetailsActivity_Roo_Gwt.java
/home/nikotsunami/git/mcapp/MCApp2/src/main/java/medizin/client/managed/ui/EventAccessMobileListView.java
/home/nikotsunami/git/mcapp/MCApp2/src/main/java/medizin/client/a_nonroo/app/client/ui/InstitutionViewImpl.java
/home/nikotsunami/git/mcapp/MCApp2/src/main/java/medizin/client/a_nonroo/app/client/ui/user/QuestionAccessViewImpl.java
/home/nikotsunami/git/mcapp/MCApp2/src/main/java/medizin/client/scaffold/ScaffoldApp.java
/home/nikotsunami/git/mcapp/MCApp2/src/main/java/medizin/client/managed/activity/QuestionSumPerPersonEditActivityWrapper.java
/home/nikotsunami/git/mcapp/MCApp2/src/main/java/medizin/client/managed/ui/CommentProxyRenderer.java
/home/nikotsunami/git/mcapp/MCApp2/src/main/java/medizin/client/a_nonroo/app/activities/ActivityQuestiontypes.java
/home/nikotsunami/git/mcapp/MCApp2/src/main/java/medizin/client/managed/request/QuestionTypeRequest.java
/home/nikotsunami/git/mcapp/MCApp2/src/main/java/medizin/client/managed/activity/AaManageQuestionsActivitiesMapper_nonroo.java
/home/nikotsunami/git/mcapp/MCApp2/src/main/java/medizin/server/domain/Institution_Roo_JavaBean.aj
/home/nikotsunami/git/mcapp/MCApp2/src/main/java/medizin/client/managed/request/KeywordRequest.java
/home/nikotsunami/git/mcapp/MCApp2/src/main/java/medizin/client/managed/ui/AnswerToAssQuestionSetEditor.java
/home/nikotsunami/git/mcapp/MCApp2/src/main/java/medizin/client/managed/ui/QuestionTypeMobileEditView.java
/home/nikotsunami/git/mcapp/MCApp2/src/main/java/medizin/client/a_nonroo/app/client/dnd3/ui/QuestionView.java
/home/nikotsunami/git/mcapp/MCApp2/src/main/java/medizin/server/domain/Person_Roo_ToString.aj
/home/nikotsunami/git/mcapp/MCApp2/src/main/java/medizin/client/managed/ui/QuestionTypeMobileDetailsView_Roo_Gwt.java
/home/nikotsunami/git/mcapp/MCApp2/src/main/java/medizin/server/domain/QuestionAccess.java
/home/nikotsunami/git/mcapp/MCApp2/src/main/java/medizin/client/managed/activity/CommentEditActivityWrapper_Roo_Gwt.java
/home/nikotsunami/git/mcapp/MCApp2/src/main/java/medizin/client/managed/activity/ApplicationDetailsActivities.java
/home/nikotsunami/git/mcapp/MCApp2/src/main/java/medizin/server/domain/Answer_Roo_ToString.aj
/home/nikotsunami/git/mcapp/MCApp2/src/main/java/medizin/client/managed/ui/AssesmentQuestionMobileDetailsView.java
/home/nikotsunami/git/mcapp/MCApp2/src/main/java/medizin/client/managed/ui/StaticContentListEditor.java
/home/nikotsunami/git/mcapp/MCApp2/src/main/java/medizin/client/a_nonroo/app/place/PlaceUserDetails.java
/home/nikotsunami/git/mcapp/MCApp2/src/main/java/medizin/client/a_nonroo/app/place/McAppPlaceHistoryMapper.java
/home/nikotsunami/git/mcapp/MCApp2/src/main/java/medizin/client/style/MobileListResources.java
/home/nikotsunami/git/mcapp/MCApp2/src/main/java/medizin/client/a_nonroo/app/activities/ActivityBookAssesmentMapper.java
/home/nikotsunami/git/mcapp/MCApp2/src/main/java/medizin/client/managed/ui/AssesmentEditView.java
/home/nikotsunami/git/mcapp/MCApp2/src/main/java/medizin/client/managed/ui/QuestionAccessMobileDetailsView_Roo_Gwt.java
/home/nikotsunami/git/mcapp/MCApp2/src/main/java/medizin/client/a_nonroo/app/client/ui/question/QuestionView.java
/home/nikotsunami/git/mcapp/MCApp2/src/main/java/medizin/client/a_nonroo/app/client/ui/BookAssesmentDetailsView.java
/home/nikotsunami/git/mcapp/MCApp2/src/main/java/medizin/server/domain/Question_Roo_JavaBean.aj
/home/nikotsunami/git/mcapp/MCApp2/src/main/java/medizin/client/managed/activity/StaticContentDetailsActivity_Roo_Gwt.java
/home/nikotsunami/git/mcapp/MCApp2/src/main/java/medizin/client/managed/ui/KeywordMobileEditView_Roo_Gwt.java
/home/nikotsunami/git/mcapp/MCApp2/src/main/java/medizin/client/a_nonroo/app/activities/ActivityQuestiontypesEdit.java
/home/nikotsunami/git/mcapp/MCApp2/src/main/java/medizin/client/managed/activity/InstitutionDetailsActivity.java
/home/nikotsunami/git/mcapp/MCApp2/src/main/java/medizin/client/managed/ui/PersonMobileEditView.java
/home/nikotsunami/git/mcapp/MCApp2/src/main/java/medizin/client/a_nonroo/app/client/ui/user/EventAccessView.java
/home/nikotsunami/git/mcapp/MCApp2/src/main/java/medizin/server/domain/AnswerToAssQuestion_Roo_Entity.aj
/home/nikotsunami/git/mcapp/MCApp2/src/main/java/medizin/client/managed/ui/PersonEditView_Roo_Gwt.java
/home/nikotsunami/git/mcapp/MCApp2/src/main/java/medizin/client/managed/ui/AssesmentMobileListView_Roo_Gwt.java
/home/nikotsunami/git/mcapp/MCApp2/src/main/java/medizin/client/managed/ui/KeywordSetEditor_Roo_Gwt.java
/home/nikotsunami/git/mcapp/MCApp2/src/main/java/medizin/client/managed/activity/QuestionEditActivityWrapper.java
/home/nikotsunami/git/mcapp/MCApp2/src/main/java/medizin/client/managed/activity/AnswerToAssQuestionListActivity.java
/home/nikotsunami/git/mcapp/MCApp2/src/main/java/medizin/client/managed/ui/McEditView.java
/home/nikotsunami/git/mcapp/MCApp2/src/main/java/medizin/client/a_nonroo/app/place/PlaceInstitutionEvent.java
/home/nikotsunami/git/mcapp/MCApp2/src/main/java/medizin/client/a_nonroo/app/activities/ActivityUser.java
/home/nikotsunami/git/mcapp/MCApp2/src/main/java/medizin/client/a_nonroo/app/place/PlaceInstitution.java
/home/nikotsunami/git/mcapp/MCApp2/src/main/java/medizin/client/managed/ui/AnswerMobileListView_Roo_Gwt.java
/home/nikotsunami/git/mcapp/MCApp2/src/main/java/medizin/server/domain/QuestionSumPerPerson_Roo_JavaBean.aj
/home/nikotsunami/git/mcapp/MCApp2/src/main/java/medizin/client/managed/ui/PersonSetEditor.java
/home/nikotsunami/git/mcapp/MCApp2/src/main/java/medizin/client/managed/activity/StaticContentEditActivityWrapper.java
/home/nikotsunami/git/mcapp/MCApp2/src/main/java/medizin/client/managed/ui/QuestionSumPerPersonEditView.java
/home/nikotsunami/git/mcapp/MCApp2/src/main/java/medizin/client/managed/activity/EventAccessEditActivityWrapper.java
/home/nikotsunami/git/mcapp/MCApp2/src/main/java/medizin/client/managed/ui/StaticToAssesmentDetailsView_Roo_Gwt.java
/home/nikotsunami/git/mcapp/MCApp2/src/main/java/medizin/client/managed/ui/QuestionSumPerPersonListEditor.java
/home/nikotsunami/git/mcapp/MCApp2/src/main/java/medizin/client/managed/ui/QuestionProxyRenderer.java
/home/nikotsunami/git/mcapp/MCApp2/src/main/java/medizin/client/a_nonroo/app/activities/McAppActivityMapper.java
/home/nikotsunami/git/mcapp/MCApp2/src/main/java/medizin/client/managed/ui/AssesmentSetEditor.java
/home/nikotsunami/git/mcapp/MCApp2/src/main/java/medizin/client/managed/activity/AnswerEditActivityWrapper.java
/home/nikotsunami/git/mcapp/MCApp2/src/main/java/medizin/client/managed/ui/KeywordListView_Roo_Gwt.java
/home/nikotsunami/git/mcapp/MCApp2/src/main/java/medizin/client/managed/ui/EventAccessEditView_Roo_Gwt.java
/home/nikotsunami/git/mcapp/MCApp2/src/main/java/medizin/client/a_nonroo/app/activities/ActivityQuestiontypesCreate.java
/home/nikotsunami/git/mcapp/MCApp2/src/main/java/medizin/client/managed/request/AnswerRequest.java
/home/nikotsunami/git/mcapp/MCApp2/src/main/java/medizin/client/managed/ui/QuestionSumPerPersonListView.java
/home/nikotsunami/git/mcapp/MCApp2/src/main/java/medizin/client/scaffold/ioc/DesktopInjector.java
/home/nikotsunami/git/mcapp/MCApp2/src/main/java/medizin/client/managed/ui/QuestionMobileDetailsView_Roo_Gwt.java
/home/nikotsunami/git/mcapp/MCApp2/src/main/java/medizin/client/managed/ui/QuestionAccessListEditor.java
/home/nikotsunami/git/mcapp/MCApp2/src/main/java/medizin/shared/scaffold/QuestionSumPerPersonRequestNonRoo.java
/home/nikotsunami/git/mcapp/MCApp2/src/main/java/medizin/client/a_nonroo/app/client/ui/AcceptPersonViewImpl.java
/home/nikotsunami/git/mcapp/MCApp2/src/main/java/medizin/client/managed/ui/AnswerToAssQuestionListView_Roo_Gwt.java
/home/nikotsunami/git/mcapp/MCApp2/src/main/java/medizin/client/a_nonroo/app/client/ui/assignquestion/AddQuestionsTabPanelImpl.java
/home/nikotsunami/git/mcapp/MCApp2/src/main/java/medizin/client/a_nonroo/app/client/ui/user/UserEditView.java
/home/nikotsunami/git/mcapp/MCApp2/src/main/java/medizin/client/managed/activity/QuestionTypeCountPerExamEditActivityWrapper.java
/home/nikotsunami/git/mcapp/MCApp2/src/main/java/medizin/client/scaffold/ioc/ScaffoldModule.java
/home/nikotsunami/git/mcapp/MCApp2/src/main/java/medizin/client/managed/ui/AssesmentQuestionSetEditor.java
/home/nikotsunami/git/mcapp/MCApp2/src/main/java/medizin/client/managed/ui/PersonMobileListView_Roo_Gwt.java
/home/nikotsunami/git/mcapp/MCApp2/src/main/java/medizin/server/domain/Answer.java
/home/nikotsunami/git/mcapp/MCApp2/src/main/java/medizin/client/managed/ui/QuestionEventProxyRenderer.java
/home/nikotsunami/git/mcapp/MCApp2/src/main/java/medizin/client/scaffold/activity/IsScaffoldMobileActivity.java
/home/nikotsunami/git/mcapp/MCApp2/src/main/java/medizin/client/managed/ui/AssesmentQuestionProxyRenderer.java
/home/nikotsunami/git/mcapp/MCApp2/src/main/java/medizin/client/managed/ui/StaticToAssesmentListView.java
/home/nikotsunami/git/mcapp/MCApp2/src/main/java/medizin/client/a_nonroo/app/client/ui/assignquestion/AsignAssQuestionViewImpl.java
/home/nikotsunami/git/mcapp/MCApp2/src/main/java/medizin/client/managed/ui/InstitutionDetailsView_Roo_Gwt.java
/home/nikotsunami/git/mcapp/MCApp2/src/main/java/medizin/client/managed/ui/McListView.java
/home/nikotsunami/git/mcapp/MCApp2/src/main/java/medizin/client/scaffold/ui/BigDecimalBox.java
/home/nikotsunami/git/mcapp/MCApp2/src/main/java/medizin/client/managed/ui/QuestionTypeCountPerExamListEditor_Roo_Gwt.java
/home/nikotsunami/git/mcapp/MCApp2/src/main/java/medizin/client/managed/activity/ApplicationMasterActivities_Roo_Gwt.java
/home/nikotsunami/git/mcapp/MCApp2/src/main/java/medizin/server/domain/Assesment_Roo_Finder.aj
/home/nikotsunami/git/mcapp/MCApp2/src/main/java/medizin/client/managed/ui/InstitutionEditView_Roo_Gwt.java
/home/nikotsunami/git/mcapp/MCApp2/src/main/java/medizin/client/managed/request/AnswerToAssQuestionProxy.java
/home/nikotsunami/git/mcapp/MCApp2/src/main/java/medizin/client/a_nonroo/app/place/PlaceAcceptAssQuestion.java
/home/nikotsunami/git/mcapp/MCApp2/src/main/java/medizin/client/managed/ui/CommentSetEditor.java
/home/nikotsunami/git/mcapp/MCApp2/src/main/java/medizin/client/managed/activity/QuestionTypeCountPerExamDetailsActivity.java
/home/nikotsunami/git/mcapp/MCApp2/src/main/java/medizin/client/scaffold/ui/ByteRenderer.java
/home/nikotsunami/git/mcapp/MCApp2/src/main/java/medizin/client/managed/request/KeywordProxy.java
/home/nikotsunami/git/mcapp/MCApp2/src/main/java/medizin/client/managed/request/ApplicationEntityTypesProcessor.java
/home/nikotsunami/git/mcapp/MCApp2/src/main/java/medizin/client/a_nonroo/app/client/ui/assignquestion/AssesmentQuestionViewImpl.java
/home/nikotsunami/git/mcapp/MCApp2/src/main/java/medizin/client/a_nonroo/app/activities/AbstractActivityWrapper.java
/home/nikotsunami/git/mcapp/MCApp2/src/main/java/medizin/client/managed/request/AnswerProxy.java
/home/nikotsunami/git/mcapp/MCApp2/src/main/java/medizin/client/managed/ui/PersonMobileDetailsView.java
/home/nikotsunami/git/mcapp/MCApp2/src/main/java/medizin/client/managed/ui/StaticContentMobileListView_Roo_Gwt.java
/home/nikotsunami/git/mcapp/MCApp2/src/main/java/medizin/client/scaffold/ioc/MobileInjector.java
/home/nikotsunami/git/mcapp/MCApp2/src/main/java/medizin/client/managed/ui/QuestionMobileEditView.java
/home/nikotsunami/git/mcapp/MCApp2/src/main/java/medizin/client/managed/ui/AnswerListEditor.java
/home/nikotsunami/git/mcapp/MCApp2/src/main/java/medizin/client/scaffold/ui/BigDecimalRenderer.java
/home/nikotsunami/git/mcapp/MCApp2/src/main/java/medizin/client/managed/ui/AnswerDetailsView.java
/home/nikotsunami/git/mcapp/MCApp2/src/main/java/medizin/client/managed/activity/ApplicationDetailsActivities_Roo_Gwt.java
/home/nikotsunami/git/mcapp/MCApp2/src/main/java/medizin/client/a_nonroo/app/client/ui/BookAssesmentDetailsViewImpl.java
/home/nikotsunami/git/mcapp/MCApp2/src/main/java/medizin/client/managed/ui/QuestionAccessMobileEditView.java
/home/nikotsunami/git/mcapp/MCApp2/src/main/java/medizin/client/managed/ui/QuestionTypeEditView_Roo_Gwt.java
/home/nikotsunami/git/mcapp/MCApp2/src/main/java/medizin/client/managed/activity/KeywordEditActivityWrapper.java
/home/nikotsunami/git/mcapp/MCApp2/src/main/java/medizin/server/domain/RedactionalBase_Roo_Configurable.aj
/home/nikotsunami/git/mcapp/MCApp2/src/main/java/medizin/client/a_nonroo/app/place/PlaceAcceptPerson.java
/home/nikotsunami/git/mcapp/MCApp2/src/main/java/medizin/server/domain/StaticToAssesment_Roo_Configurable.aj
/home/nikotsunami/git/mcapp/MCApp2/src/main/java/medizin/client/managed/activity/StaticContentActivitiesMapper.java
/home/nikotsunami/git/mcapp/MCApp2/src/main/java/medizin/client/a_nonroo/app/place/PlaceOpenDemand.java
/home/nikotsunami/git/mcapp/MCApp2/src/main/java/medizin/client/a_nonroo/app/activities/ActivityStaticContent.java
/home/nikotsunami/git/mcapp/MCApp2/src/main/java/medizin/client/managed/ui/AssesmentListView_Roo_Gwt.java
/home/nikotsunami/git/mcapp/MCApp2/src/main/java/medizin/client/managed/ui/AnswerToAssQuestionDetailsView.java
/home/nikotsunami/git/mcapp/MCApp2/src/main/java/medizin/client/managed/activity/AssesmentDetailsActivity.java
/home/nikotsunami/git/mcapp/MCApp2/src/main/java/medizin/client/managed/ui/McMobileEditView_Roo_Gwt.java
/home/nikotsunami/git/mcapp/MCApp2/src/main/java/medizin/client/managed/ui/AssesmentProxyRenderer.java
/home/nikotsunami/git/mcapp/MCApp2/src/main/java/medizin/client/a_nonroo/app/client/ui/question/AnswerListViewImpl.java
/home/nikotsunami/git/mcapp/MCApp2/src/main/java/medizin/client/a_nonroo/app/client/ui/assignquestion/AnswerViewImpl.java
/home/nikotsunami/git/mcapp/MCApp2/src/main/java/medizin/client/managed/ui/InstitutionSetEditor.java
/home/nikotsunami/git/mcapp/MCApp2/src/main/java/medizin/client/managed/ui/StaticContentMobileListView.java
/home/nikotsunami/git/mcapp/MCApp2/src/main/java/medizin/client/managed/activity/QuestionEventListActivity.java
/home/nikotsunami/git/mcapp/MCApp2/src/main/java/medizin/client/managed/ui/QuestionEventMobileEditView.java
/home/nikotsunami/git/mcapp/MCApp2/src/main/java/medizin/client/a_nonroo/app/client/ui/QuestiontypesViewImpl.java
/home/nikotsunami/git/mcapp/MCApp2/src/main/java/medizin/client/managed/activity/StaticContentEditActivityWrapper_Roo_Gwt.java
/home/nikotsunami/git/mcapp/MCApp2/src/main/java/medizin/client/managed/ui/AnswerToAssQuestionEditView_Roo_Gwt.java
/home/nikotsunami/git/mcapp/MCApp2/src/main/java/medizin/client/a_nonroo/app/client/ui/user/UserDetailsView.java
/home/nikotsunami/git/mcapp/MCApp2/src/main/java/medizin/client/managed/ui/QuestionSumPerPersonListEditor_Roo_Gwt.java
/home/nikotsunami/git/mcapp/MCApp2/src/main/java/medizin/client/managed/activity/QuestionAccessActivitiesMapper.java
/home/nikotsunami/git/mcapp/MCApp2/src/main/java/medizin/client/managed/ui/QuestionSumPerPersonMobileListView.java
/home/nikotsunami/git/mcapp/MCApp2/src/main/java/medizin/client/managed/ui/QuestionSumPerPersonSetEditor_Roo_Gwt.java
/home/nikotsunami/git/mcapp/MCApp2/src/main/java/medizin/client/a_nonroo/app/client/ui/SystemOverviewView.java
/home/nikotsunami/git/mcapp/MCApp2/src/main/java/medizin/client/managed/ui/AnswerMobileDetailsView.java
/home/nikotsunami/git/mcapp/MCApp2/src/main/java/medizin/client/managed/ui/QuestionAccessDetailsView_Roo_Gwt.java
/home/nikotsunami/git/mcapp/MCApp2/src/main/java/medizin/client/a_nonroo/app/client/ui/QuestiontypesView.java
/home/nikotsunami/git/mcapp/MCApp2/src/main/java/medizin/client/managed/ui/ApplicationListPlaceRenderer.java
/home/nikotsunami/git/mcapp/MCApp2/src/main/java/medizin/shared/scaffold/AssesmentQuestionRequestNonRoo.java
/home/nikotsunami/git/mcapp/MCApp2/src/main/java/medizin/client/managed/ui/InstitutionMobileListView_Roo_Gwt.java
/home/nikotsunami/git/mcapp/MCApp2/src/main/java/medizin/client/managed/activity/McActivitiesMapper.java
/home/nikotsunami/git/mcapp/MCApp2/src/main/java/medizin/client/managed/ui/CommentDetailsView.java
/home/nikotsunami/git/mcapp/MCApp2/src/main/java/medizin/client/managed/request/QuestionEventProxy.java
/home/nikotsunami/git/mcapp/MCApp2/src/main/java/medizin/client/managed/ui/StaticToAssesmentMobileDetailsView.java
/home/nikotsunami/git/mcapp/MCApp2/src/main/java/medizin/client/a_nonroo/app/place/PlaceAcceptQuestion.java
/home/nikotsunami/git/mcapp/MCApp2/src/main/java/medizin/client/managed/ui/McListEditor.java
/home/nikotsunami/git/mcapp/MCApp2/src/main/java/medizin/client/managed/ui/QuestionTypeCountPerExamMobileEditView_Roo_Gwt.java
/home/nikotsunami/git/mcapp/MCApp2/src/main/java/medizin/client/a_nonroo/app/place/PlaceBookAssesment.java
/home/nikotsunami/git/mcapp/MCApp2/src/main/java/medizin/client/managed/activity/AnswerToAssQuestionDetailsActivity.java
/home/nikotsunami/git/mcapp/MCApp2/src/main/java/medizin/client/scaffold/place/ProxyPlaceToListPlace.java
/home/nikotsunami/git/mcapp/MCApp2/src/main/java/medizin/server/domain/Person.java
/home/nikotsunami/git/mcapp/MCApp2/src/main/java/medizin/server/domain/StaticContent_Roo_Entity.aj
/home/nikotsunami/git/mcapp/MCApp2/src/main/java/medizin/client/managed/activity/CommentEditActivityWrapper.java
/home/nikotsunami/git/mcapp/MCApp2/src/main/java/medizin/server/domain/Person_Roo_JavaBean.aj
/home/nikotsunami/git/mcapp/MCApp2/src/main/java/medizin/client/managed/ui/QuestionTypeCountPerExamProxyRenderer.java
/home/nikotsunami/git/mcapp/MCApp2/src/main/java/medizin/client/managed/ui/QuestionTypeDetailsView_Roo_Gwt.java
/home/nikotsunami/git/mcapp/MCApp2/src/main/java/medizin/client/managed/ui/QuestionEventDetailsView_Roo_Gwt.java
/home/nikotsunami/git/mcapp/MCApp2/src/main/java/medizin/client/a_nonroo/app/client/ui/user/EventAccessDialogboxImpl.java
/home/nikotsunami/git/mcapp/MCApp2/src/main/java/medizin/client/managed/ui/QuestionTypeCountPerExamSetEditor.java
/home/nikotsunami/git/mcapp/MCApp2/src/main/java/medizin/client/managed/activity/EventAccessDetailsActivity.java
/home/nikotsunami/git/mcapp/MCApp2/src/main/java/medizin/client/a_nonroo/app/client/McAppNav.java
/home/nikotsunami/git/mcapp/MCApp2/src/main/java/medizin/client/a_nonroo/app/activities/ActivityBookAssementDetails.java
/home/nikotsunami/git/mcapp/MCApp2/src/main/java/medizin/client/a_nonroo/app/activities/ActivityAcceptAnswer.java
